[2025-01-16 12:02:31.341] [ERR] [Microsoft.EntityFrameworkCore.Database.Command] Failed executing DbCommand (25ms) [Parameters=[], CommandType='"Text"', CommandTimeout='30']
SELECT "MigrationId", "ProductVersion"
FROM "__EFMigrationsHistory"
ORDER BY "MigrationId";
[2025-01-16 12:14:21.265] [ERR] [Microsoft.EntityFrameworkCore.Database.Command] Failed executing DbCommand (6ms) [Parameters=[], CommandType='"Text"', CommandTimeout='30']
CREATE TABLE "BankAccounts" (
    "Id" text NOT NULL,
    "ProductId" text NOT NULL,
    "ClientId" text NOT NULL,
    "TarjetaId" text NOT NULL,
    "IBAN" text NOT NULL,
    "Balance" numeric NOT NULL,
    "AccountType" integer NOT NULL,
    "IsDeleted" boolean NOT NULL,
    CONSTRAINT "PK_BankAccounts" PRIMARY KEY ("Id")
);
[2025-01-16 13:09:00.383] [ERR] [Microsoft.EntityFrameworkCore.Database.Command] Failed executing DbCommand (8ms) [Parameters=[], CommandType='"Text"', CommandTimeout='30']
CREATE TABLE "BankAccounts" (
    "Id" text NOT NULL,
    "ProductId" text NOT NULL,
    "ClientId" text NOT NULL,
    "TarjetaId" text NOT NULL,
    "IBAN" text NOT NULL,
    "Balance" numeric NOT NULL,
    "AccountType" integer NOT NULL,
    "IsDeleted" boolean NOT NULL,
    CONSTRAINT "PK_BankAccounts" PRIMARY KEY ("Id")
);
[2025-01-16 13:18:54.049] [ERR] [Microsoft.EntityFrameworkCore.Database.Command] Failed executing DbCommand (30ms) [Parameters=[], CommandType='"Text"', CommandTimeout='30']
CREATE TABLE "BankAccounts" (
    "Id" text NOT NULL,
    "ProductId" text NOT NULL,
    "ClientId" text NOT NULL,
    "TarjetaId" text NOT NULL,
    "IBAN" text NOT NULL,
    "Balance" numeric NOT NULL,
    "AccountType" integer NOT NULL,
    "IsDeleted" boolean NOT NULL,
    CONSTRAINT "PK_BankAccounts" PRIMARY KEY ("Id")
);
[2025-01-16 13:21:58.414] [ERR] [Microsoft.EntityFrameworkCore.Database.Command] Failed executing DbCommand (9ms) [Parameters=[], CommandType='"Text"', CommandTimeout='30']
CREATE TABLE "BankAccounts" (
    "Id" text NOT NULL,
    "ProductId" text NOT NULL,
    "ClientId" text NOT NULL,
    "TarjetaId" text NOT NULL,
    "IBAN" text NOT NULL,
    "Balance" numeric NOT NULL,
    "AccountType" integer NOT NULL,
    "IsDeleted" boolean NOT NULL,
    CONSTRAINT "PK_BankAccounts" PRIMARY KEY ("Id")
);
[2025-01-16 13:24:34.711] [ERR] [Microsoft.EntityFrameworkCore.Database.Command] Failed executing DbCommand (6ms) [Parameters=[], CommandType='"Text"', CommandTimeout='30']
CREATE TABLE "BankAccounts" (
    "Id" text NOT NULL,
    "ProductId" text NOT NULL,
    "ClientId" text NOT NULL,
    "TarjetaId" text NOT NULL,
    "IBAN" text NOT NULL,
    "Balance" numeric NOT NULL,
    "AccountType" integer NOT NULL,
    "IsDeleted" boolean NOT NULL,
    CONSTRAINT "PK_BankAccounts" PRIMARY KEY ("Id")
);
[2025-01-16 13:27:22.946] [ERR] [Microsoft.EntityFrameworkCore.Database.Command] Failed executing DbCommand (5ms) [Parameters=[], CommandType='"Text"', CommandTimeout='30']
CREATE TABLE "BankAccounts" (
    "Id" text NOT NULL,
    "ProductId" text NOT NULL,
    "ClientId" text NOT NULL,
    "TarjetaId" text NOT NULL,
    "IBAN" text NOT NULL,
    "Balance" numeric NOT NULL,
    "AccountType" integer NOT NULL,
    "IsDeleted" boolean NOT NULL,
    CONSTRAINT "PK_BankAccounts" PRIMARY KEY ("Id")
);
[2025-01-16 13:33:46.084] [ERR] [Microsoft.EntityFrameworkCore.Database.Command] Failed executing DbCommand (9ms) [Parameters=[], CommandType='"Text"', CommandTimeout='30']
CREATE TABLE "BankAccounts" (
    "Id" text NOT NULL,
    "ProductId" text NOT NULL,
    "ClientId" text NOT NULL,
    "TarjetaId" text NOT NULL,
    "IBAN" text NOT NULL,
    "Balance" numeric NOT NULL,
    "AccountType" integer NOT NULL,
    "IsDeleted" boolean NOT NULL,
    CONSTRAINT "PK_BankAccounts" PRIMARY KEY ("Id")
);
[2025-01-16 13:34:41.128] [ERR] [Microsoft.EntityFrameworkCore.Database.Command] Failed executing DbCommand (6ms) [Parameters=[], CommandType='"Text"', CommandTimeout='30']
CREATE TABLE "BankAccounts" (
    "Id" text NOT NULL,
    "ProductId" text NOT NULL,
    "ClientId" text NOT NULL,
    "TarjetaId" text NOT NULL,
    "IBAN" text NOT NULL,
    "Balance" numeric NOT NULL,
    "AccountType" integer NOT NULL,
    "IsDeleted" boolean NOT NULL,
    CONSTRAINT "PK_BankAccounts" PRIMARY KEY ("Id")
);
[2025-01-16 13:41:49.523] [ERR] [Microsoft.EntityFrameworkCore.Database.Command] Failed executing DbCommand (29ms) [Parameters=[], CommandType='"Text"', CommandTimeout='30']
SELECT count(*)::int
FROM "BankAccounts" AS b
[2025-01-16 13:41:49.607] [ERR] [Microsoft.EntityFrameworkCore.Query] An exception occurred while iterating over the results of a query for context type 'VivesBankApi.Database.BancoDbContext'.
Npgsql.PostgresException (0x80004005): 42P01: relation "BankAccounts" does not exist

POSITION: 28
   at Npgsql.Internal.NpgsqlConnector.ReadMessageLong(Boolean async, DataRowLoadingMode dataRowLoadingMode, Boolean readingNotifications, Boolean isReadingPrependedMessage)
   at System.Runtime.CompilerServices.PoolingAsyncValueTaskMethodBuilder`1.StateMachineBox`1.System.Threading.Tasks.Sources.IValueTaskSource<TResult>.GetResult(Int16 token)
   at Npgsql.NpgsqlDataReader.NextResult(Boolean async, Boolean isConsuming, CancellationToken cancellationToken)
   at Npgsql.NpgsqlDataReader.NextResult(Boolean async, Boolean isConsuming, CancellationToken cancellationToken)
   at Npgsql.NpgsqlCommand.ExecuteReader(Boolean async, CommandBehavior behavior, CancellationToken cancellationToken)
   at Npgsql.NpgsqlCommand.ExecuteReader(Boolean async, CommandBehavior behavior, CancellationToken cancellationToken)
   at Npgsql.NpgsqlCommand.ExecuteDbDataReaderAsync(CommandBehavior behavior, CancellationToken cancellationToken)
   at Microsoft.EntityFrameworkCore.Storage.RelationalCommand.ExecuteReaderAsync(RelationalCommandParameterObject parameterObject, CancellationToken cancellationToken)
   at Microsoft.EntityFrameworkCore.Storage.RelationalCommand.ExecuteReaderAsync(RelationalCommandParameterObject parameterObject, CancellationToken cancellationToken)
   at Microsoft.EntityFrameworkCore.Query.Internal.SingleQueryingEnumerable`1.AsyncEnumerator.InitializeReaderAsync(AsyncEnumerator enumerator, CancellationToken cancellationToken)
   at Npgsql.EntityFrameworkCore.PostgreSQL.Storage.Internal.NpgsqlExecutionStrategy.ExecuteAsync[TState,TResult](TState state, Func`4 operation, Func`4 verifySucceeded, CancellationToken cancellationToken)
   at Microsoft.EntityFrameworkCore.Query.Internal.SingleQueryingEnumerable`1.AsyncEnumerator.MoveNextAsync()
  Exception data:
    Severity: ERROR
    SqlState: 42P01
    MessageText: relation "BankAccounts" does not exist
    Position: 28
    File: parse_relation.c
    Line: 1449
    Routine: parserOpenTable
Npgsql.PostgresException (0x80004005): 42P01: relation "BankAccounts" does not exist

POSITION: 28
   at Npgsql.Internal.NpgsqlConnector.ReadMessageLong(Boolean async, DataRowLoadingMode dataRowLoadingMode, Boolean readingNotifications, Boolean isReadingPrependedMessage)
   at System.Runtime.CompilerServices.PoolingAsyncValueTaskMethodBuilder`1.StateMachineBox`1.System.Threading.Tasks.Sources.IValueTaskSource<TResult>.GetResult(Int16 token)
   at Npgsql.NpgsqlDataReader.NextResult(Boolean async, Boolean isConsuming, CancellationToken cancellationToken)
   at Npgsql.NpgsqlDataReader.NextResult(Boolean async, Boolean isConsuming, CancellationToken cancellationToken)
   at Npgsql.NpgsqlCommand.ExecuteReader(Boolean async, CommandBehavior behavior, CancellationToken cancellationToken)
   at Npgsql.NpgsqlCommand.ExecuteReader(Boolean async, CommandBehavior behavior, CancellationToken cancellationToken)
   at Npgsql.NpgsqlCommand.ExecuteDbDataReaderAsync(CommandBehavior behavior, CancellationToken cancellationToken)
   at Microsoft.EntityFrameworkCore.Storage.RelationalCommand.ExecuteReaderAsync(RelationalCommandParameterObject parameterObject, CancellationToken cancellationToken)
   at Microsoft.EntityFrameworkCore.Storage.RelationalCommand.ExecuteReaderAsync(RelationalCommandParameterObject parameterObject, CancellationToken cancellationToken)
   at Microsoft.EntityFrameworkCore.Query.Internal.SingleQueryingEnumerable`1.AsyncEnumerator.InitializeReaderAsync(AsyncEnumerator enumerator, CancellationToken cancellationToken)
   at Npgsql.EntityFrameworkCore.PostgreSQL.Storage.Internal.NpgsqlExecutionStrategy.ExecuteAsync[TState,TResult](TState state, Func`4 operation, Func`4 verifySucceeded, CancellationToken cancellationToken)
   at Microsoft.EntityFrameworkCore.Query.Internal.SingleQueryingEnumerable`1.AsyncEnumerator.MoveNextAsync()
  Exception data:
    Severity: ERROR
    SqlState: 42P01
    MessageText: relation "BankAccounts" does not exist
    Position: 28
    File: parse_relation.c
    Line: 1449
    Routine: parserOpenTable
[2025-01-16 13:41:49.632] [ERR] [ApiFunkosCS.Utils.ExceptionMiddleware.GlobalExceptionMiddleware] An unhandled exception occurred.
Npgsql.PostgresException (0x80004005): 42P01: relation "BankAccounts" does not exist

POSITION: 28
   at Npgsql.Internal.NpgsqlConnector.ReadMessageLong(Boolean async, DataRowLoadingMode dataRowLoadingMode, Boolean readingNotifications, Boolean isReadingPrependedMessage)
   at System.Runtime.CompilerServices.PoolingAsyncValueTaskMethodBuilder`1.StateMachineBox`1.System.Threading.Tasks.Sources.IValueTaskSource<TResult>.GetResult(Int16 token)
   at Npgsql.NpgsqlDataReader.NextResult(Boolean async, Boolean isConsuming, CancellationToken cancellationToken)
   at Npgsql.NpgsqlDataReader.NextResult(Boolean async, Boolean isConsuming, CancellationToken cancellationToken)
   at Npgsql.NpgsqlCommand.ExecuteReader(Boolean async, CommandBehavior behavior, CancellationToken cancellationToken)
   at Npgsql.NpgsqlCommand.ExecuteReader(Boolean async, CommandBehavior behavior, CancellationToken cancellationToken)
   at Npgsql.NpgsqlCommand.ExecuteDbDataReaderAsync(CommandBehavior behavior, CancellationToken cancellationToken)
   at Microsoft.EntityFrameworkCore.Storage.RelationalCommand.ExecuteReaderAsync(RelationalCommandParameterObject parameterObject, CancellationToken cancellationToken)
   at Microsoft.EntityFrameworkCore.Storage.RelationalCommand.ExecuteReaderAsync(RelationalCommandParameterObject parameterObject, CancellationToken cancellationToken)
   at Microsoft.EntityFrameworkCore.Query.Internal.SingleQueryingEnumerable`1.AsyncEnumerator.InitializeReaderAsync(AsyncEnumerator enumerator, CancellationToken cancellationToken)
   at Npgsql.EntityFrameworkCore.PostgreSQL.Storage.Internal.NpgsqlExecutionStrategy.ExecuteAsync[TState,TResult](TState state, Func`4 operation, Func`4 verifySucceeded, CancellationToken cancellationToken)
   at Microsoft.EntityFrameworkCore.Query.Internal.SingleQueryingEnumerable`1.AsyncEnumerator.MoveNextAsync()
   at Microsoft.EntityFrameworkCore.Query.ShapedQueryCompilingExpressionVisitor.SingleAsync[TSource](IAsyncEnumerable`1 asyncEnumerable, CancellationToken cancellationToken)
   at Microsoft.EntityFrameworkCore.Query.ShapedQueryCompilingExpressionVisitor.SingleAsync[TSource](IAsyncEnumerable`1 asyncEnumerable, CancellationToken cancellationToken)
   at ApiFunkosCS.Utils.GenericRepository.GenericRepository`2.GetAllPagedAsync(Int32 pageNumber, Int32 pageSize) in C:\2DAW\DesWebEntServ\VivesBank.Net\VivesBankApi\Utils\GenericRepository\GenericRepository.cs:line 27
   at VivesBankApi.Rest.Product.BankAccounts.Services.AccountService.GetAccountsAsync(Int32 pageNumber, Int32 pageSize, String sortBy, String direction) in C:\2DAW\DesWebEntServ\VivesBank.Net\VivesBankApi\Rest\Product\BankAccounts\Services\AccountService.cs:line 30
   at VivesBankApi.Rest.Product.BankAccounts.Controller.AccountController.GetAllAccounts(Int32 page, Int32 size, String sortBy, String direction) in C:\2DAW\DesWebEntServ\VivesBank.Net\VivesBankApi\Rest\Product\BankAccounts\Controller\AccountController.cs:line 23
   at Microsoft.AspNetCore.Mvc.Infrastructure.ActionMethodExecutor.TaskOfIActionResultExecutor.Execute(ActionContext actionContext, IActionResultTypeMapper mapper, ObjectMethodExecutor executor, Object controller, Object[] arguments)
   at Microsoft.AspNetCore.Mvc.Infrastructure.ControllerActionInvoker.<InvokeActionMethodAsync>g__Logged|12_1(ControllerActionInvoker invoker)
   at Microsoft.AspNetCore.Mvc.Infrastructure.ControllerActionInvoker.<InvokeNextActionFilterAsync>g__Awaited|10_0(ControllerActionInvoker invoker, Task lastTask, State next, Scope scope, Object state, Boolean isCompleted)
   at Microsoft.AspNetCore.Mvc.Infrastructure.ControllerActionInvoker.Rethrow(ActionExecutedContextSealed context)
   at Microsoft.AspNetCore.Mvc.Infrastructure.ControllerActionInvoker.Next(State& next, Scope& scope, Object& state, Boolean& isCompleted)
   at Microsoft.AspNetCore.Mvc.Infrastructure.ControllerActionInvoker.<InvokeInnerFilterAsync>g__Awaited|13_0(ControllerActionInvoker invoker, Task lastTask, State next, Scope scope, Object state, Boolean isCompleted)
   at Microsoft.AspNetCore.Mvc.Infrastructure.ResourceInvoker.<InvokeFilterPipelineAsync>g__Awaited|20_0(ResourceInvoker invoker, Task lastTask, State next, Scope scope, Object state, Boolean isCompleted)
   at Microsoft.AspNetCore.Mvc.Infrastructure.ResourceInvoker.<InvokeAsync>g__Logged|17_1(ResourceInvoker invoker)
   at Microsoft.AspNetCore.Mvc.Infrastructure.ResourceInvoker.<InvokeAsync>g__Logged|17_1(ResourceInvoker invoker)
   at Microsoft.AspNetCore.Authorization.AuthorizationMiddleware.Invoke(HttpContext context)
   at ApiFunkosCS.Utils.ExceptionMiddleware.GlobalExceptionMiddleware.InvokeAsync(HttpContext context) in C:\2DAW\DesWebEntServ\VivesBank.Net\VivesBankApi\Utils\ExceptionMiddleware\GlobalExceptionMiddleware.cs:line 14
  Exception data:
    Severity: ERROR
    SqlState: 42P01
    MessageText: relation "BankAccounts" does not exist
    Position: 28
    File: parse_relation.c
    Line: 1449
    Routine: parserOpenTable
[2025-01-16 13:42:10.011] [ERR] [Microsoft.EntityFrameworkCore.Database.Command] Failed executing DbCommand (25ms) [Parameters=[@__p_0='1'], CommandType='"Text"', CommandTimeout='30']
SELECT b."Id", b."AccountType", b."Balance", b."ClientId", b."IBAN", b."IsDeleted", b."ProductId", b."TarjetaId"
FROM "BankAccounts" AS b
WHERE b."Id" = @__p_0
LIMIT 1
[2025-01-16 13:42:10.018] [ERR] [Microsoft.EntityFrameworkCore.Query] An exception occurred while iterating over the results of a query for context type 'VivesBankApi.Database.BancoDbContext'.
Npgsql.PostgresException (0x80004005): 42P01: relation "BankAccounts" does not exist

POSITION: 120
   at Npgsql.Internal.NpgsqlConnector.ReadMessageLong(Boolean async, DataRowLoadingMode dataRowLoadingMode, Boolean readingNotifications, Boolean isReadingPrependedMessage)
   at System.Runtime.CompilerServices.PoolingAsyncValueTaskMethodBuilder`1.StateMachineBox`1.System.Threading.Tasks.Sources.IValueTaskSource<TResult>.GetResult(Int16 token)
   at Npgsql.NpgsqlDataReader.NextResult(Boolean async, Boolean isConsuming, CancellationToken cancellationToken)
   at Npgsql.NpgsqlDataReader.NextResult(Boolean async, Boolean isConsuming, CancellationToken cancellationToken)
   at Npgsql.NpgsqlCommand.ExecuteReader(Boolean async, CommandBehavior behavior, CancellationToken cancellationToken)
   at Npgsql.NpgsqlCommand.ExecuteReader(Boolean async, CommandBehavior behavior, CancellationToken cancellationToken)
   at Npgsql.NpgsqlCommand.ExecuteDbDataReaderAsync(CommandBehavior behavior, CancellationToken cancellationToken)
   at Microsoft.EntityFrameworkCore.Storage.RelationalCommand.ExecuteReaderAsync(RelationalCommandParameterObject parameterObject, CancellationToken cancellationToken)
   at Microsoft.EntityFrameworkCore.Storage.RelationalCommand.ExecuteReaderAsync(RelationalCommandParameterObject parameterObject, CancellationToken cancellationToken)
   at Microsoft.EntityFrameworkCore.Query.Internal.SingleQueryingEnumerable`1.AsyncEnumerator.InitializeReaderAsync(AsyncEnumerator enumerator, CancellationToken cancellationToken)
   at Npgsql.EntityFrameworkCore.PostgreSQL.Storage.Internal.NpgsqlExecutionStrategy.ExecuteAsync[TState,TResult](TState state, Func`4 operation, Func`4 verifySucceeded, CancellationToken cancellationToken)
   at Microsoft.EntityFrameworkCore.Query.Internal.SingleQueryingEnumerable`1.AsyncEnumerator.MoveNextAsync()
  Exception data:
    Severity: ERROR
    SqlState: 42P01
    MessageText: relation "BankAccounts" does not exist
    Position: 120
    File: parse_relation.c
    Line: 1449
    Routine: parserOpenTable
Npgsql.PostgresException (0x80004005): 42P01: relation "BankAccounts" does not exist

POSITION: 120
   at Npgsql.Internal.NpgsqlConnector.ReadMessageLong(Boolean async, DataRowLoadingMode dataRowLoadingMode, Boolean readingNotifications, Boolean isReadingPrependedMessage)
   at System.Runtime.CompilerServices.PoolingAsyncValueTaskMethodBuilder`1.StateMachineBox`1.System.Threading.Tasks.Sources.IValueTaskSource<TResult>.GetResult(Int16 token)
   at Npgsql.NpgsqlDataReader.NextResult(Boolean async, Boolean isConsuming, CancellationToken cancellationToken)
   at Npgsql.NpgsqlDataReader.NextResult(Boolean async, Boolean isConsuming, CancellationToken cancellationToken)
   at Npgsql.NpgsqlCommand.ExecuteReader(Boolean async, CommandBehavior behavior, CancellationToken cancellationToken)
   at Npgsql.NpgsqlCommand.ExecuteReader(Boolean async, CommandBehavior behavior, CancellationToken cancellationToken)
   at Npgsql.NpgsqlCommand.ExecuteDbDataReaderAsync(CommandBehavior behavior, CancellationToken cancellationToken)
   at Microsoft.EntityFrameworkCore.Storage.RelationalCommand.ExecuteReaderAsync(RelationalCommandParameterObject parameterObject, CancellationToken cancellationToken)
   at Microsoft.EntityFrameworkCore.Storage.RelationalCommand.ExecuteReaderAsync(RelationalCommandParameterObject parameterObject, CancellationToken cancellationToken)
   at Microsoft.EntityFrameworkCore.Query.Internal.SingleQueryingEnumerable`1.AsyncEnumerator.InitializeReaderAsync(AsyncEnumerator enumerator, CancellationToken cancellationToken)
   at Npgsql.EntityFrameworkCore.PostgreSQL.Storage.Internal.NpgsqlExecutionStrategy.ExecuteAsync[TState,TResult](TState state, Func`4 operation, Func`4 verifySucceeded, CancellationToken cancellationToken)
   at Microsoft.EntityFrameworkCore.Query.Internal.SingleQueryingEnumerable`1.AsyncEnumerator.MoveNextAsync()
  Exception data:
    Severity: ERROR
    SqlState: 42P01
    MessageText: relation "BankAccounts" does not exist
    Position: 120
    File: parse_relation.c
    Line: 1449
    Routine: parserOpenTable
[2025-01-16 13:42:10.029] [ERR] [ApiFunkosCS.Utils.ExceptionMiddleware.GlobalExceptionMiddleware] An unhandled exception occurred.
Npgsql.PostgresException (0x80004005): 42P01: relation "BankAccounts" does not exist

POSITION: 120
   at Npgsql.Internal.NpgsqlConnector.ReadMessageLong(Boolean async, DataRowLoadingMode dataRowLoadingMode, Boolean readingNotifications, Boolean isReadingPrependedMessage)
   at System.Runtime.CompilerServices.PoolingAsyncValueTaskMethodBuilder`1.StateMachineBox`1.System.Threading.Tasks.Sources.IValueTaskSource<TResult>.GetResult(Int16 token)
   at Npgsql.NpgsqlDataReader.NextResult(Boolean async, Boolean isConsuming, CancellationToken cancellationToken)
   at Npgsql.NpgsqlDataReader.NextResult(Boolean async, Boolean isConsuming, CancellationToken cancellationToken)
   at Npgsql.NpgsqlCommand.ExecuteReader(Boolean async, CommandBehavior behavior, CancellationToken cancellationToken)
   at Npgsql.NpgsqlCommand.ExecuteReader(Boolean async, CommandBehavior behavior, CancellationToken cancellationToken)
   at Npgsql.NpgsqlCommand.ExecuteDbDataReaderAsync(CommandBehavior behavior, CancellationToken cancellationToken)
   at Microsoft.EntityFrameworkCore.Storage.RelationalCommand.ExecuteReaderAsync(RelationalCommandParameterObject parameterObject, CancellationToken cancellationToken)
   at Microsoft.EntityFrameworkCore.Storage.RelationalCommand.ExecuteReaderAsync(RelationalCommandParameterObject parameterObject, CancellationToken cancellationToken)
   at Microsoft.EntityFrameworkCore.Query.Internal.SingleQueryingEnumerable`1.AsyncEnumerator.InitializeReaderAsync(AsyncEnumerator enumerator, CancellationToken cancellationToken)
   at Npgsql.EntityFrameworkCore.PostgreSQL.Storage.Internal.NpgsqlExecutionStrategy.ExecuteAsync[TState,TResult](TState state, Func`4 operation, Func`4 verifySucceeded, CancellationToken cancellationToken)
   at Microsoft.EntityFrameworkCore.Query.Internal.SingleQueryingEnumerable`1.AsyncEnumerator.MoveNextAsync()
   at Microsoft.EntityFrameworkCore.Query.ShapedQueryCompilingExpressionVisitor.SingleOrDefaultAsync[TSource](IAsyncEnumerable`1 asyncEnumerable, CancellationToken cancellationToken)
   at Microsoft.EntityFrameworkCore.Query.ShapedQueryCompilingExpressionVisitor.SingleOrDefaultAsync[TSource](IAsyncEnumerable`1 asyncEnumerable, CancellationToken cancellationToken)
   at ApiFunkosCS.Utils.GenericRepository.GenericRepository`2.GetByIdAsync(String id) in C:\2DAW\DesWebEntServ\VivesBank.Net\VivesBankApi\Utils\GenericRepository\GenericRepository.cs:line 40
   at VivesBankApi.Rest.Product.BankAccounts.Services.AccountService.GetAccountByIdAsync(String id) in C:\2DAW\DesWebEntServ\VivesBank.Net\VivesBankApi\Rest\Product\BankAccounts\Services\AccountService.cs:line 61
   at VivesBankApi.Rest.Product.BankAccounts.Controller.AccountController.GetAccountById(String id) in C:\2DAW\DesWebEntServ\VivesBank.Net\VivesBankApi\Rest\Product\BankAccounts\Controller\AccountController.cs:line 32
   at lambda_method20(Closure, Object)
   at Microsoft.AspNetCore.Mvc.Infrastructure.ActionMethodExecutor.AwaitableObjectResultExecutor.Execute(ActionContext actionContext, IActionResultTypeMapper mapper, ObjectMethodExecutor executor, Object controller, Object[] arguments)
   at Microsoft.AspNetCore.Mvc.Infrastructure.ControllerActionInvoker.<InvokeActionMethodAsync>g__Logged|12_1(ControllerActionInvoker invoker)
   at Microsoft.AspNetCore.Mvc.Infrastructure.ControllerActionInvoker.<InvokeNextActionFilterAsync>g__Awaited|10_0(ControllerActionInvoker invoker, Task lastTask, State next, Scope scope, Object state, Boolean isCompleted)
   at Microsoft.AspNetCore.Mvc.Infrastructure.ControllerActionInvoker.Rethrow(ActionExecutedContextSealed context)
   at Microsoft.AspNetCore.Mvc.Infrastructure.ControllerActionInvoker.Next(State& next, Scope& scope, Object& state, Boolean& isCompleted)
   at Microsoft.AspNetCore.Mvc.Infrastructure.ControllerActionInvoker.<InvokeInnerFilterAsync>g__Awaited|13_0(ControllerActionInvoker invoker, Task lastTask, State next, Scope scope, Object state, Boolean isCompleted)
   at Microsoft.AspNetCore.Mvc.Infrastructure.ResourceInvoker.<InvokeFilterPipelineAsync>g__Awaited|20_0(ResourceInvoker invoker, Task lastTask, State next, Scope scope, Object state, Boolean isCompleted)
   at Microsoft.AspNetCore.Mvc.Infrastructure.ResourceInvoker.<InvokeAsync>g__Logged|17_1(ResourceInvoker invoker)
   at Microsoft.AspNetCore.Mvc.Infrastructure.ResourceInvoker.<InvokeAsync>g__Logged|17_1(ResourceInvoker invoker)
   at Microsoft.AspNetCore.Authorization.AuthorizationMiddleware.Invoke(HttpContext context)
   at ApiFunkosCS.Utils.ExceptionMiddleware.GlobalExceptionMiddleware.InvokeAsync(HttpContext context) in C:\2DAW\DesWebEntServ\VivesBank.Net\VivesBankApi\Utils\ExceptionMiddleware\GlobalExceptionMiddleware.cs:line 14
  Exception data:
    Severity: ERROR
    SqlState: 42P01
    MessageText: relation "BankAccounts" does not exist
    Position: 120
    File: parse_relation.c
    Line: 1449
    Routine: parserOpenTable
[2025-01-16 13:42:35.469] [ERR] [Microsoft.EntityFrameworkCore.Database.Command] Failed executing DbCommand (3ms) [Parameters=[], CommandType='"Text"', CommandTimeout='30']
SELECT count(*)::int
FROM "BankAccounts" AS b
[2025-01-16 13:42:35.473] [ERR] [Microsoft.EntityFrameworkCore.Query] An exception occurred while iterating over the results of a query for context type 'VivesBankApi.Database.BancoDbContext'.
Npgsql.PostgresException (0x80004005): 42P01: relation "BankAccounts" does not exist

POSITION: 28
   at Npgsql.Internal.NpgsqlConnector.ReadMessageLong(Boolean async, DataRowLoadingMode dataRowLoadingMode, Boolean readingNotifications, Boolean isReadingPrependedMessage)
   at System.Runtime.CompilerServices.PoolingAsyncValueTaskMethodBuilder`1.StateMachineBox`1.System.Threading.Tasks.Sources.IValueTaskSource<TResult>.GetResult(Int16 token)
   at Npgsql.NpgsqlDataReader.NextResult(Boolean async, Boolean isConsuming, CancellationToken cancellationToken)
   at Npgsql.NpgsqlDataReader.NextResult(Boolean async, Boolean isConsuming, CancellationToken cancellationToken)
   at Npgsql.NpgsqlCommand.ExecuteReader(Boolean async, CommandBehavior behavior, CancellationToken cancellationToken)
   at Npgsql.NpgsqlCommand.ExecuteReader(Boolean async, CommandBehavior behavior, CancellationToken cancellationToken)
   at Npgsql.NpgsqlCommand.ExecuteDbDataReaderAsync(CommandBehavior behavior, CancellationToken cancellationToken)
   at Microsoft.EntityFrameworkCore.Storage.RelationalCommand.ExecuteReaderAsync(RelationalCommandParameterObject parameterObject, CancellationToken cancellationToken)
   at Microsoft.EntityFrameworkCore.Storage.RelationalCommand.ExecuteReaderAsync(RelationalCommandParameterObject parameterObject, CancellationToken cancellationToken)
   at Microsoft.EntityFrameworkCore.Query.Internal.SingleQueryingEnumerable`1.AsyncEnumerator.InitializeReaderAsync(AsyncEnumerator enumerator, CancellationToken cancellationToken)
   at Npgsql.EntityFrameworkCore.PostgreSQL.Storage.Internal.NpgsqlExecutionStrategy.ExecuteAsync[TState,TResult](TState state, Func`4 operation, Func`4 verifySucceeded, CancellationToken cancellationToken)
   at Microsoft.EntityFrameworkCore.Query.Internal.SingleQueryingEnumerable`1.AsyncEnumerator.MoveNextAsync()
  Exception data:
    Severity: ERROR
    SqlState: 42P01
    MessageText: relation "BankAccounts" does not exist
    Position: 28
    File: parse_relation.c
    Line: 1449
    Routine: parserOpenTable
Npgsql.PostgresException (0x80004005): 42P01: relation "BankAccounts" does not exist

POSITION: 28
   at Npgsql.Internal.NpgsqlConnector.ReadMessageLong(Boolean async, DataRowLoadingMode dataRowLoadingMode, Boolean readingNotifications, Boolean isReadingPrependedMessage)
   at System.Runtime.CompilerServices.PoolingAsyncValueTaskMethodBuilder`1.StateMachineBox`1.System.Threading.Tasks.Sources.IValueTaskSource<TResult>.GetResult(Int16 token)
   at Npgsql.NpgsqlDataReader.NextResult(Boolean async, Boolean isConsuming, CancellationToken cancellationToken)
   at Npgsql.NpgsqlDataReader.NextResult(Boolean async, Boolean isConsuming, CancellationToken cancellationToken)
   at Npgsql.NpgsqlCommand.ExecuteReader(Boolean async, CommandBehavior behavior, CancellationToken cancellationToken)
   at Npgsql.NpgsqlCommand.ExecuteReader(Boolean async, CommandBehavior behavior, CancellationToken cancellationToken)
   at Npgsql.NpgsqlCommand.ExecuteDbDataReaderAsync(CommandBehavior behavior, CancellationToken cancellationToken)
   at Microsoft.EntityFrameworkCore.Storage.RelationalCommand.ExecuteReaderAsync(RelationalCommandParameterObject parameterObject, CancellationToken cancellationToken)
   at Microsoft.EntityFrameworkCore.Storage.RelationalCommand.ExecuteReaderAsync(RelationalCommandParameterObject parameterObject, CancellationToken cancellationToken)
   at Microsoft.EntityFrameworkCore.Query.Internal.SingleQueryingEnumerable`1.AsyncEnumerator.InitializeReaderAsync(AsyncEnumerator enumerator, CancellationToken cancellationToken)
   at Npgsql.EntityFrameworkCore.PostgreSQL.Storage.Internal.NpgsqlExecutionStrategy.ExecuteAsync[TState,TResult](TState state, Func`4 operation, Func`4 verifySucceeded, CancellationToken cancellationToken)
   at Microsoft.EntityFrameworkCore.Query.Internal.SingleQueryingEnumerable`1.AsyncEnumerator.MoveNextAsync()
  Exception data:
    Severity: ERROR
    SqlState: 42P01
    MessageText: relation "BankAccounts" does not exist
    Position: 28
    File: parse_relation.c
    Line: 1449
    Routine: parserOpenTable
[2025-01-16 13:42:35.482] [ERR] [ApiFunkosCS.Utils.ExceptionMiddleware.GlobalExceptionMiddleware] An unhandled exception occurred.
Npgsql.PostgresException (0x80004005): 42P01: relation "BankAccounts" does not exist

POSITION: 28
   at Npgsql.Internal.NpgsqlConnector.ReadMessageLong(Boolean async, DataRowLoadingMode dataRowLoadingMode, Boolean readingNotifications, Boolean isReadingPrependedMessage)
   at System.Runtime.CompilerServices.PoolingAsyncValueTaskMethodBuilder`1.StateMachineBox`1.System.Threading.Tasks.Sources.IValueTaskSource<TResult>.GetResult(Int16 token)
   at Npgsql.NpgsqlDataReader.NextResult(Boolean async, Boolean isConsuming, CancellationToken cancellationToken)
   at Npgsql.NpgsqlDataReader.NextResult(Boolean async, Boolean isConsuming, CancellationToken cancellationToken)
   at Npgsql.NpgsqlCommand.ExecuteReader(Boolean async, CommandBehavior behavior, CancellationToken cancellationToken)
   at Npgsql.NpgsqlCommand.ExecuteReader(Boolean async, CommandBehavior behavior, CancellationToken cancellationToken)
   at Npgsql.NpgsqlCommand.ExecuteDbDataReaderAsync(CommandBehavior behavior, CancellationToken cancellationToken)
   at Microsoft.EntityFrameworkCore.Storage.RelationalCommand.ExecuteReaderAsync(RelationalCommandParameterObject parameterObject, CancellationToken cancellationToken)
   at Microsoft.EntityFrameworkCore.Storage.RelationalCommand.ExecuteReaderAsync(RelationalCommandParameterObject parameterObject, CancellationToken cancellationToken)
   at Microsoft.EntityFrameworkCore.Query.Internal.SingleQueryingEnumerable`1.AsyncEnumerator.InitializeReaderAsync(AsyncEnumerator enumerator, CancellationToken cancellationToken)
   at Npgsql.EntityFrameworkCore.PostgreSQL.Storage.Internal.NpgsqlExecutionStrategy.ExecuteAsync[TState,TResult](TState state, Func`4 operation, Func`4 verifySucceeded, CancellationToken cancellationToken)
   at Microsoft.EntityFrameworkCore.Query.Internal.SingleQueryingEnumerable`1.AsyncEnumerator.MoveNextAsync()
   at Microsoft.EntityFrameworkCore.Query.ShapedQueryCompilingExpressionVisitor.SingleAsync[TSource](IAsyncEnumerable`1 asyncEnumerable, CancellationToken cancellationToken)
   at Microsoft.EntityFrameworkCore.Query.ShapedQueryCompilingExpressionVisitor.SingleAsync[TSource](IAsyncEnumerable`1 asyncEnumerable, CancellationToken cancellationToken)
   at ApiFunkosCS.Utils.GenericRepository.GenericRepository`2.GetAllPagedAsync(Int32 pageNumber, Int32 pageSize) in C:\2DAW\DesWebEntServ\VivesBank.Net\VivesBankApi\Utils\GenericRepository\GenericRepository.cs:line 27
   at VivesBankApi.Rest.Product.BankAccounts.Services.AccountService.GetAccountsAsync(Int32 pageNumber, Int32 pageSize, String sortBy, String direction) in C:\2DAW\DesWebEntServ\VivesBank.Net\VivesBankApi\Rest\Product\BankAccounts\Services\AccountService.cs:line 30
   at VivesBankApi.Rest.Product.BankAccounts.Controller.AccountController.GetAllAccounts(Int32 page, Int32 size, String sortBy, String direction) in C:\2DAW\DesWebEntServ\VivesBank.Net\VivesBankApi\Rest\Product\BankAccounts\Controller\AccountController.cs:line 23
   at Microsoft.AspNetCore.Mvc.Infrastructure.ActionMethodExecutor.TaskOfIActionResultExecutor.Execute(ActionContext actionContext, IActionResultTypeMapper mapper, ObjectMethodExecutor executor, Object controller, Object[] arguments)
   at Microsoft.AspNetCore.Mvc.Infrastructure.ControllerActionInvoker.<InvokeActionMethodAsync>g__Logged|12_1(ControllerActionInvoker invoker)
   at Microsoft.AspNetCore.Mvc.Infrastructure.ControllerActionInvoker.<InvokeNextActionFilterAsync>g__Awaited|10_0(ControllerActionInvoker invoker, Task lastTask, State next, Scope scope, Object state, Boolean isCompleted)
   at Microsoft.AspNetCore.Mvc.Infrastructure.ControllerActionInvoker.Rethrow(ActionExecutedContextSealed context)
   at Microsoft.AspNetCore.Mvc.Infrastructure.ControllerActionInvoker.Next(State& next, Scope& scope, Object& state, Boolean& isCompleted)
   at Microsoft.AspNetCore.Mvc.Infrastructure.ControllerActionInvoker.<InvokeInnerFilterAsync>g__Awaited|13_0(ControllerActionInvoker invoker, Task lastTask, State next, Scope scope, Object state, Boolean isCompleted)
   at Microsoft.AspNetCore.Mvc.Infrastructure.ResourceInvoker.<InvokeFilterPipelineAsync>g__Awaited|20_0(ResourceInvoker invoker, Task lastTask, State next, Scope scope, Object state, Boolean isCompleted)
   at Microsoft.AspNetCore.Mvc.Infrastructure.ResourceInvoker.<InvokeAsync>g__Logged|17_1(ResourceInvoker invoker)
   at Microsoft.AspNetCore.Mvc.Infrastructure.ResourceInvoker.<InvokeAsync>g__Logged|17_1(ResourceInvoker invoker)
   at Microsoft.AspNetCore.Authorization.AuthorizationMiddleware.Invoke(HttpContext context)
   at ApiFunkosCS.Utils.ExceptionMiddleware.GlobalExceptionMiddleware.InvokeAsync(HttpContext context) in C:\2DAW\DesWebEntServ\VivesBank.Net\VivesBankApi\Utils\ExceptionMiddleware\GlobalExceptionMiddleware.cs:line 14
  Exception data:
    Severity: ERROR
    SqlState: 42P01
    MessageText: relation "BankAccounts" does not exist
    Position: 28
    File: parse_relation.c
    Line: 1449
    Routine: parserOpenTable
