[2025-02-01 11:45:13.875] [ERR] [Microsoft.EntityFrameworkCore.Database.Command] Failed executing DbCommand (61ms) [Parameters=[], CommandType='"Text"', CommandTimeout='30']
SELECT "MigrationId", "ProductVersion"
FROM "__EFMigrationsHistory"
ORDER BY "MigrationId";
[2025-02-01 11:52:04.089] [ERR] [Microsoft.EntityFrameworkCore.Database.Command] Failed executing DbCommand (50ms) [Parameters=[], CommandType='"Text"', CommandTimeout='30']
SELECT "MigrationId", "ProductVersion"
FROM "__EFMigrationsHistory"
ORDER BY "MigrationId";
[2025-02-01 12:18:48.897] [ERR] [Microsoft.EntityFrameworkCore.Database.Command] Failed executing DbCommand (45ms) [Parameters=[], CommandType='"Text"', CommandTimeout='30']
SELECT "MigrationId", "ProductVersion"
FROM "__EFMigrationsHistory"
ORDER BY "MigrationId";
[2025-02-01 12:26:10.177] [ERR] [VivesBankApi.Rest.Clients.Service.ClientService] Error getting file from FTP
System.TimeoutException: Timed out trying to read data from the socket stream!
   at FluentFTP.FtpSocketStream.ReadAsync(Byte[] buffer, Int32 offset, Int32 count, CancellationToken token)
   at FluentFTP.FtpSocketStream.ReadLineAsync(Encoding encoding, CancellationToken token)
   at FluentFTP.Client.BaseClient.BaseFtpClient.FluentFTP.IInternalFtpClient.GetReplyInternal(CancellationToken token, String command, Boolean exhaustNoop, Int32 timeOut, Boolean useSema)
   at FluentFTP.AsyncFtpClient.Execute(String command, CancellationToken token)
   at FluentFTP.AsyncFtpClient.Authenticate(String userName, String password, String account, CancellationToken token)
   at FluentFTP.AsyncFtpClient.Authenticate(CancellationToken token)
   at FluentFTP.AsyncFtpClient.Connect(Boolean reConnect, CancellationToken token)
   at FluentFTP.AsyncFtpClient.Connect(CancellationToken token)
   at VivesBankApi.Rest.Clients.Service.ClientService.GetFileFromFtpAsync(String fileName) in C:\Users\samue\RiderProjects\VivesBank.Net\VivesBankApi\Rest\Clients\Service\ClientService.cs:line 416
[2025-02-01 12:26:10.251] [ERR] [ApiFunkosCS.Utils.ExceptionMiddleware.GlobalExceptionMiddleware] An unhandled exception occurred.
System.TimeoutException: Timed out trying to read data from the socket stream!
   at FluentFTP.FtpSocketStream.ReadAsync(Byte[] buffer, Int32 offset, Int32 count, CancellationToken token)
   at FluentFTP.FtpSocketStream.ReadLineAsync(Encoding encoding, CancellationToken token)
   at FluentFTP.Client.BaseClient.BaseFtpClient.FluentFTP.IInternalFtpClient.GetReplyInternal(CancellationToken token, String command, Boolean exhaustNoop, Int32 timeOut, Boolean useSema)
   at FluentFTP.AsyncFtpClient.Execute(String command, CancellationToken token)
   at FluentFTP.AsyncFtpClient.Authenticate(String userName, String password, String account, CancellationToken token)
   at FluentFTP.AsyncFtpClient.Authenticate(CancellationToken token)
   at FluentFTP.AsyncFtpClient.Connect(Boolean reConnect, CancellationToken token)
   at FluentFTP.AsyncFtpClient.Connect(CancellationToken token)
   at VivesBankApi.Rest.Clients.Service.ClientService.GetFileFromFtpAsync(String fileName) in C:\Users\samue\RiderProjects\VivesBank.Net\VivesBankApi\Rest\Clients\Service\ClientService.cs:line 416
   at VivesBankApi.Rest.Clients.Controller.ClientController.GetFileFromFtpAsync(String fileName) in C:\Users\samue\RiderProjects\VivesBank.Net\VivesBankApi\Rest\Clients\Controller\ClientController.cs:line 194
   at Microsoft.AspNetCore.Mvc.Infrastructure.ActionMethodExecutor.TaskOfIActionResultExecutor.Execute(ActionContext actionContext, IActionResultTypeMapper mapper, ObjectMethodExecutor executor, Object controller, Object[] arguments)
   at Microsoft.AspNetCore.Mvc.Infrastructure.ControllerActionInvoker.<InvokeActionMethodAsync>g__Logged|12_1(ControllerActionInvoker invoker)
   at Microsoft.AspNetCore.Mvc.Infrastructure.ControllerActionInvoker.<InvokeNextActionFilterAsync>g__Awaited|10_0(ControllerActionInvoker invoker, Task lastTask, State next, Scope scope, Object state, Boolean isCompleted)
   at Microsoft.AspNetCore.Mvc.Infrastructure.ControllerActionInvoker.Rethrow(ActionExecutedContextSealed context)
   at Microsoft.AspNetCore.Mvc.Infrastructure.ControllerActionInvoker.Next(State& next, Scope& scope, Object& state, Boolean& isCompleted)
   at Microsoft.AspNetCore.Mvc.Infrastructure.ControllerActionInvoker.<InvokeInnerFilterAsync>g__Awaited|13_0(ControllerActionInvoker invoker, Task lastTask, State next, Scope scope, Object state, Boolean isCompleted)
   at Microsoft.AspNetCore.Mvc.Infrastructure.ResourceInvoker.<InvokeFilterPipelineAsync>g__Awaited|20_0(ResourceInvoker invoker, Task lastTask, State next, Scope scope, Object state, Boolean isCompleted)
   at Microsoft.AspNetCore.Mvc.Infrastructure.ResourceInvoker.<InvokeAsync>g__Logged|17_1(ResourceInvoker invoker)
   at Microsoft.AspNetCore.Mvc.Infrastructure.ResourceInvoker.<InvokeAsync>g__Logged|17_1(ResourceInvoker invoker)
   at ApiFunkosCS.Utils.ExceptionMiddleware.GlobalExceptionMiddleware.InvokeAsync(HttpContext context) in C:\Users\samue\RiderProjects\VivesBank.Net\VivesBankApi\Utils\ExceptionMiddleware\GlobalExceptionMiddleware.cs:line 17
[2025-02-01 12:35:53.684] [ERR] [Microsoft.EntityFrameworkCore.Database.Command] Failed executing DbCommand (46ms) [Parameters=[], CommandType='"Text"', CommandTimeout='30']
SELECT "MigrationId", "ProductVersion"
FROM "__EFMigrationsHistory"
ORDER BY "MigrationId";
[2025-02-01 12:50:19.167] [ERR] [Microsoft.EntityFrameworkCore.Database.Command] Failed executing DbCommand (46ms) [Parameters=[], CommandType='"Text"', CommandTimeout='30']
SELECT "MigrationId", "ProductVersion"
FROM "__EFMigrationsHistory"
ORDER BY "MigrationId";
[2025-02-01 12:51:56.129] [ERR] [VivesBankApi.Rest.Clients.Service.ClientService] Client with user ID 3G_a9BexJQ not found.
[2025-02-01 12:53:02.763] [ERR] [Microsoft.EntityFrameworkCore.Database.Command] Failed executing DbCommand (82ms) [Parameters=[], CommandType='"Text"', CommandTimeout='30']
SELECT "MigrationId", "ProductVersion"
FROM "__EFMigrationsHistory"
ORDER BY "MigrationId";
[2025-02-01 12:56:58.940] [ERR] [VivesBankApi.Rest.Clients.Service.ClientService] Error getting file from FTP
System.TimeoutException: Timed out trying to read data from the socket stream!
   at FluentFTP.FtpSocketStream.ReadAsync(Byte[] buffer, Int32 offset, Int32 count, CancellationToken token)
   at FluentFTP.FtpSocketStream.ReadLineAsync(Encoding encoding, CancellationToken token)
   at FluentFTP.Client.BaseClient.BaseFtpClient.FluentFTP.IInternalFtpClient.GetReplyInternal(CancellationToken token, String command, Boolean exhaustNoop, Int32 timeOut, Boolean useSema)
   at FluentFTP.AsyncFtpClient.Execute(String command, CancellationToken token)
   at FluentFTP.AsyncFtpClient.Authenticate(String userName, String password, String account, CancellationToken token)
   at FluentFTP.AsyncFtpClient.Authenticate(CancellationToken token)
   at FluentFTP.AsyncFtpClient.Connect(Boolean reConnect, CancellationToken token)
   at FluentFTP.AsyncFtpClient.Connect(CancellationToken token)
   at VivesBankApi.Rest.Clients.Service.ClientService.GetFileFromFtpAsync(String fileName) in C:\Users\samue\RiderProjects\VivesBank.Net\VivesBankApi\Rest\Clients\Service\ClientService.cs:line 416
[2025-02-01 12:56:59.008] [ERR] [ApiFunkosCS.Utils.ExceptionMiddleware.GlobalExceptionMiddleware] An unhandled exception occurred.
System.TimeoutException: Timed out trying to read data from the socket stream!
   at FluentFTP.FtpSocketStream.ReadAsync(Byte[] buffer, Int32 offset, Int32 count, CancellationToken token)
   at FluentFTP.FtpSocketStream.ReadLineAsync(Encoding encoding, CancellationToken token)
   at FluentFTP.Client.BaseClient.BaseFtpClient.FluentFTP.IInternalFtpClient.GetReplyInternal(CancellationToken token, String command, Boolean exhaustNoop, Int32 timeOut, Boolean useSema)
   at FluentFTP.AsyncFtpClient.Execute(String command, CancellationToken token)
   at FluentFTP.AsyncFtpClient.Authenticate(String userName, String password, String account, CancellationToken token)
   at FluentFTP.AsyncFtpClient.Authenticate(CancellationToken token)
   at FluentFTP.AsyncFtpClient.Connect(Boolean reConnect, CancellationToken token)
   at FluentFTP.AsyncFtpClient.Connect(CancellationToken token)
   at VivesBankApi.Rest.Clients.Service.ClientService.GetFileFromFtpAsync(String fileName) in C:\Users\samue\RiderProjects\VivesBank.Net\VivesBankApi\Rest\Clients\Service\ClientService.cs:line 416
   at VivesBankApi.Rest.Clients.Controller.ClientController.GetFileFromFtpAsync(String fileName) in C:\Users\samue\RiderProjects\VivesBank.Net\VivesBankApi\Rest\Clients\Controller\ClientController.cs:line 194
   at Microsoft.AspNetCore.Mvc.Infrastructure.ActionMethodExecutor.TaskOfIActionResultExecutor.Execute(ActionContext actionContext, IActionResultTypeMapper mapper, ObjectMethodExecutor executor, Object controller, Object[] arguments)
   at Microsoft.AspNetCore.Mvc.Infrastructure.ControllerActionInvoker.<InvokeActionMethodAsync>g__Logged|12_1(ControllerActionInvoker invoker)
   at Microsoft.AspNetCore.Mvc.Infrastructure.ControllerActionInvoker.<InvokeNextActionFilterAsync>g__Awaited|10_0(ControllerActionInvoker invoker, Task lastTask, State next, Scope scope, Object state, Boolean isCompleted)
   at Microsoft.AspNetCore.Mvc.Infrastructure.ControllerActionInvoker.Rethrow(ActionExecutedContextSealed context)
   at Microsoft.AspNetCore.Mvc.Infrastructure.ControllerActionInvoker.Next(State& next, Scope& scope, Object& state, Boolean& isCompleted)
   at Microsoft.AspNetCore.Mvc.Infrastructure.ControllerActionInvoker.<InvokeInnerFilterAsync>g__Awaited|13_0(ControllerActionInvoker invoker, Task lastTask, State next, Scope scope, Object state, Boolean isCompleted)
   at Microsoft.AspNetCore.Mvc.Infrastructure.ResourceInvoker.<InvokeFilterPipelineAsync>g__Awaited|20_0(ResourceInvoker invoker, Task lastTask, State next, Scope scope, Object state, Boolean isCompleted)
   at Microsoft.AspNetCore.Mvc.Infrastructure.ResourceInvoker.<InvokeAsync>g__Logged|17_1(ResourceInvoker invoker)
   at Microsoft.AspNetCore.Mvc.Infrastructure.ResourceInvoker.<InvokeAsync>g__Logged|17_1(ResourceInvoker invoker)
   at ApiFunkosCS.Utils.ExceptionMiddleware.GlobalExceptionMiddleware.InvokeAsync(HttpContext context) in C:\Users\samue\RiderProjects\VivesBank.Net\VivesBankApi\Utils\ExceptionMiddleware\GlobalExceptionMiddleware.cs:line 17
[2025-02-01 13:03:23.327] [ERR] [Microsoft.EntityFrameworkCore.Database.Command] Failed executing DbCommand (53ms) [Parameters=[], CommandType='"Text"', CommandTimeout='30']
SELECT "MigrationId", "ProductVersion"
FROM "__EFMigrationsHistory"
ORDER BY "MigrationId";
[2025-02-01 13:06:43.626] [ERR] [VivesBankApi.Rest.Clients.Service.ClientService] Error getting file from FTP
System.TimeoutException: Timed out trying to read data from the socket stream!
   at FluentFTP.FtpSocketStream.ReadAsync(Byte[] buffer, Int32 offset, Int32 count, CancellationToken token)
   at FluentFTP.FtpSocketStream.ReadLineAsync(Encoding encoding, CancellationToken token)
   at FluentFTP.Client.BaseClient.BaseFtpClient.FluentFTP.IInternalFtpClient.GetReplyInternal(CancellationToken token, String command, Boolean exhaustNoop, Int32 timeOut, Boolean useSema)
   at FluentFTP.AsyncFtpClient.Execute(String command, CancellationToken token)
   at FluentFTP.AsyncFtpClient.Authenticate(String userName, String password, String account, CancellationToken token)
   at FluentFTP.AsyncFtpClient.Authenticate(CancellationToken token)
   at FluentFTP.AsyncFtpClient.Connect(Boolean reConnect, CancellationToken token)
   at FluentFTP.AsyncFtpClient.Connect(CancellationToken token)
   at VivesBankApi.Rest.Clients.Service.ClientService.GetFileFromFtpAsync(String fileName) in C:\Users\samue\RiderProjects\VivesBank.Net\VivesBankApi\Rest\Clients\Service\ClientService.cs:line 408
[2025-02-01 13:06:43.693] [ERR] [ApiFunkosCS.Utils.ExceptionMiddleware.GlobalExceptionMiddleware] An unhandled exception occurred.
System.TimeoutException: Timed out trying to read data from the socket stream!
   at FluentFTP.FtpSocketStream.ReadAsync(Byte[] buffer, Int32 offset, Int32 count, CancellationToken token)
   at FluentFTP.FtpSocketStream.ReadLineAsync(Encoding encoding, CancellationToken token)
   at FluentFTP.Client.BaseClient.BaseFtpClient.FluentFTP.IInternalFtpClient.GetReplyInternal(CancellationToken token, String command, Boolean exhaustNoop, Int32 timeOut, Boolean useSema)
   at FluentFTP.AsyncFtpClient.Execute(String command, CancellationToken token)
   at FluentFTP.AsyncFtpClient.Authenticate(String userName, String password, String account, CancellationToken token)
   at FluentFTP.AsyncFtpClient.Authenticate(CancellationToken token)
   at FluentFTP.AsyncFtpClient.Connect(Boolean reConnect, CancellationToken token)
   at FluentFTP.AsyncFtpClient.Connect(CancellationToken token)
   at VivesBankApi.Rest.Clients.Service.ClientService.GetFileFromFtpAsync(String fileName) in C:\Users\samue\RiderProjects\VivesBank.Net\VivesBankApi\Rest\Clients\Service\ClientService.cs:line 408
   at VivesBankApi.Rest.Clients.Controller.ClientController.GetFileFromFtpAsync(String fileName) in C:\Users\samue\RiderProjects\VivesBank.Net\VivesBankApi\Rest\Clients\Controller\ClientController.cs:line 194
   at Microsoft.AspNetCore.Mvc.Infrastructure.ActionMethodExecutor.TaskOfIActionResultExecutor.Execute(ActionContext actionContext, IActionResultTypeMapper mapper, ObjectMethodExecutor executor, Object controller, Object[] arguments)
   at Microsoft.AspNetCore.Mvc.Infrastructure.ControllerActionInvoker.<InvokeActionMethodAsync>g__Logged|12_1(ControllerActionInvoker invoker)
   at Microsoft.AspNetCore.Mvc.Infrastructure.ControllerActionInvoker.<InvokeNextActionFilterAsync>g__Awaited|10_0(ControllerActionInvoker invoker, Task lastTask, State next, Scope scope, Object state, Boolean isCompleted)
   at Microsoft.AspNetCore.Mvc.Infrastructure.ControllerActionInvoker.Rethrow(ActionExecutedContextSealed context)
   at Microsoft.AspNetCore.Mvc.Infrastructure.ControllerActionInvoker.Next(State& next, Scope& scope, Object& state, Boolean& isCompleted)
   at Microsoft.AspNetCore.Mvc.Infrastructure.ControllerActionInvoker.<InvokeInnerFilterAsync>g__Awaited|13_0(ControllerActionInvoker invoker, Task lastTask, State next, Scope scope, Object state, Boolean isCompleted)
   at Microsoft.AspNetCore.Mvc.Infrastructure.ResourceInvoker.<InvokeFilterPipelineAsync>g__Awaited|20_0(ResourceInvoker invoker, Task lastTask, State next, Scope scope, Object state, Boolean isCompleted)
   at Microsoft.AspNetCore.Mvc.Infrastructure.ResourceInvoker.<InvokeAsync>g__Logged|17_1(ResourceInvoker invoker)
   at Microsoft.AspNetCore.Mvc.Infrastructure.ResourceInvoker.<InvokeAsync>g__Logged|17_1(ResourceInvoker invoker)
   at ApiFunkosCS.Utils.ExceptionMiddleware.GlobalExceptionMiddleware.InvokeAsync(HttpContext context) in C:\Users\samue\RiderProjects\VivesBank.Net\VivesBankApi\Utils\ExceptionMiddleware\GlobalExceptionMiddleware.cs:line 17
[2025-02-01 13:12:56.483] [ERR] [Microsoft.EntityFrameworkCore.Database.Command] Failed executing DbCommand (62ms) [Parameters=[], CommandType='"Text"', CommandTimeout='30']
SELECT "MigrationId", "ProductVersion"
FROM "__EFMigrationsHistory"
ORDER BY "MigrationId";
[2025-02-01 13:21:40.509] [ERR] [Microsoft.EntityFrameworkCore.Database.Command] Failed executing DbCommand (60ms) [Parameters=[], CommandType='"Text"', CommandTimeout='30']
SELECT "MigrationId", "ProductVersion"
FROM "__EFMigrationsHistory"
ORDER BY "MigrationId";
[2025-02-01 16:04:59.116] [ERR] [Microsoft.EntityFrameworkCore.Database.Command] Failed executing DbCommand (12ms) [Parameters=[], CommandType='"Text"', CommandTimeout='30']
SELECT "MigrationId", "ProductVersion"
FROM "__EFMigrationsHistory"
ORDER BY "MigrationId";
[2025-02-01 16:05:02.849] [ERR] [Microsoft.AspNetCore.Diagnostics.DeveloperExceptionPageMiddleware] An unhandled exception has occurred while executing the request.
Swashbuckle.AspNetCore.SwaggerGen.SwaggerGeneratorException: Ambiguous HTTP method for action - VivesBankApi.Rest.Product.CreditCard.Controller.CreditCardController.ExportCreditCardsToJson (VivesBankApi). Actions require an explicit HttpMethod binding for Swagger/OpenAPI 3.0
   at Swashbuckle.AspNetCore.SwaggerGen.SwaggerGenerator.PrepareGenerateOperation(IGrouping`2 group)
   at System.Linq.Enumerable.SelectEnumerableIterator`2.MoveNext()
   at Swashbuckle.AspNetCore.SwaggerGen.SwaggerGenerator.GenerateOperationsAsync(IEnumerable`1 apiDescriptions, SchemaRepository schemaRepository)
   at Swashbuckle.AspNetCore.SwaggerGen.SwaggerGenerator.GeneratePathsAsync(IEnumerable`1 apiDescriptions, SchemaRepository schemaRepository, Func`3 operationsGenerator)
   at Swashbuckle.AspNetCore.SwaggerGen.SwaggerGenerator.GeneratePathsAsync(IEnumerable`1 apiDescriptions, SchemaRepository schemaRepository)
   at Swashbuckle.AspNetCore.SwaggerGen.SwaggerGenerator.GetSwaggerAsync(String documentName, String host, String basePath)
   at Swashbuckle.AspNetCore.Swagger.SwaggerMiddleware.Invoke(HttpContext httpContext, ISwaggerProvider swaggerProvider)
   at Microsoft.AspNetCore.Diagnostics.DeveloperExceptionPageMiddlewareImpl.Invoke(HttpContext context)
[2025-02-01 16:10:06.762] [ERR] [Microsoft.EntityFrameworkCore.Database.Command] Failed executing DbCommand (15ms) [Parameters=[], CommandType='"Text"', CommandTimeout='30']
SELECT "MigrationId", "ProductVersion"
FROM "__EFMigrationsHistory"
ORDER BY "MigrationId";
