[2025-01-22 19:43:15.088] [ERR] [Microsoft.EntityFrameworkCore.Database.Command] Failed executing DbCommand (52ms) [Parameters=[], CommandType='"Text"', CommandTimeout='30']
SELECT "MigrationId", "ProductVersion"
FROM "__EFMigrationsHistory"
ORDER BY "MigrationId";
[2025-01-22 19:50:24.756] [ERR] [ApiFunkosCS.Utils.ExceptionMiddleware.GlobalExceptionMiddleware] An unhandled exception occurred.
FileStorageExceptions: Tipo de fichero no permitido
   at VivesBankApi.Rest.Clients.Service.ClientService.SaveFileAsync(IFormFile file) in C:\Users\samue\RiderProjects\VivesBank.Net\VivesBankApi\Rest\Clients\Service\ClientService.cs:line 146
   at VivesBankApi.Rest.Clients.Service.ClientService.UpdateClientDniPhotoAsync(String clientId, IFormFile file) in C:\Users\samue\RiderProjects\VivesBank.Net\VivesBankApi\Rest\Clients\Service\ClientService.cs:line 184
   at VivesBankApi.Rest.Clients.Controller.ClientController.UpdateClientDniPhotoAsync(String clientId, IFormFile file) in C:\Users\samue\RiderProjects\VivesBank.Net\VivesBankApi\Rest\Clients\Controller\ClientController.cs:line 114
   at Microsoft.AspNetCore.Mvc.Infrastructure.ActionMethodExecutor.TaskOfIActionResultExecutor.Execute(ActionContext actionContext, IActionResultTypeMapper mapper, ObjectMethodExecutor executor, Object controller, Object[] arguments)
   at Microsoft.AspNetCore.Mvc.Infrastructure.ControllerActionInvoker.<InvokeActionMethodAsync>g__Logged|12_1(ControllerActionInvoker invoker)
   at Microsoft.AspNetCore.Mvc.Infrastructure.ControllerActionInvoker.<InvokeNextActionFilterAsync>g__Awaited|10_0(ControllerActionInvoker invoker, Task lastTask, State next, Scope scope, Object state, Boolean isCompleted)
   at Microsoft.AspNetCore.Mvc.Infrastructure.ControllerActionInvoker.Rethrow(ActionExecutedContextSealed context)
   at Microsoft.AspNetCore.Mvc.Infrastructure.ControllerActionInvoker.Next(State& next, Scope& scope, Object& state, Boolean& isCompleted)
   at Microsoft.AspNetCore.Mvc.Infrastructure.ControllerActionInvoker.<InvokeInnerFilterAsync>g__Awaited|13_0(ControllerActionInvoker invoker, Task lastTask, State next, Scope scope, Object state, Boolean isCompleted)
   at Microsoft.AspNetCore.Mvc.Infrastructure.ResourceInvoker.<InvokeFilterPipelineAsync>g__Awaited|20_0(ResourceInvoker invoker, Task lastTask, State next, Scope scope, Object state, Boolean isCompleted)
   at Microsoft.AspNetCore.Mvc.Infrastructure.ResourceInvoker.<InvokeAsync>g__Logged|17_1(ResourceInvoker invoker)
   at Microsoft.AspNetCore.Mvc.Infrastructure.ResourceInvoker.<InvokeAsync>g__Logged|17_1(ResourceInvoker invoker)
   at ApiFunkosCS.Utils.ExceptionMiddleware.GlobalExceptionMiddleware.InvokeAsync(HttpContext context) in C:\Users\samue\RiderProjects\VivesBank.Net\VivesBankApi\Utils\ExceptionMiddleware\GlobalExceptionMiddleware.cs:line 15
[2025-01-22 19:52:49.941] [ERR] [Microsoft.EntityFrameworkCore.Database.Command] Failed executing DbCommand (49ms) [Parameters=[], CommandType='"Text"', CommandTimeout='30']
SELECT "MigrationId", "ProductVersion"
FROM "__EFMigrationsHistory"
ORDER BY "MigrationId";
[2025-01-22 20:01:15.104] [ERR] [Microsoft.EntityFrameworkCore.Database.Command] Failed executing DbCommand (80ms) [Parameters=[], CommandType='"Text"', CommandTimeout='30']
SELECT "MigrationId", "ProductVersion"
FROM "__EFMigrationsHistory"
ORDER BY "MigrationId";
[2025-01-22 20:02:37.156] [ERR] [ApiFunkosCS.Utils.ExceptionMiddleware.GlobalExceptionMiddleware] An unhandled exception occurred.
System.NullReferenceException: Object reference not set to an instance of an object.
   at VivesBankApi.Rest.Clients.Service.ClientService.SaveFileAsync(IFormFile file) in C:\Users\samue\RiderProjects\VivesBank.Net\VivesBankApi\Rest\Clients\Service\ClientService.cs:line 144
   at VivesBankApi.Rest.Clients.Service.ClientService.UpdateClientDniPhotoAsync(String clientId, IFormFile file) in C:\Users\samue\RiderProjects\VivesBank.Net\VivesBankApi\Rest\Clients\Service\ClientService.cs:line 184
   at VivesBankApi.Rest.Clients.Controller.ClientController.UpdateClientDniPhotoAsync(String clientId, IFormFile file) in C:\Users\samue\RiderProjects\VivesBank.Net\VivesBankApi\Rest\Clients\Controller\ClientController.cs:line 114
   at Microsoft.AspNetCore.Mvc.Infrastructure.ActionMethodExecutor.TaskOfIActionResultExecutor.Execute(ActionContext actionContext, IActionResultTypeMapper mapper, ObjectMethodExecutor executor, Object controller, Object[] arguments)
   at Microsoft.AspNetCore.Mvc.Infrastructure.ControllerActionInvoker.<InvokeActionMethodAsync>g__Logged|12_1(ControllerActionInvoker invoker)
   at Microsoft.AspNetCore.Mvc.Infrastructure.ControllerActionInvoker.<InvokeNextActionFilterAsync>g__Awaited|10_0(ControllerActionInvoker invoker, Task lastTask, State next, Scope scope, Object state, Boolean isCompleted)
   at Microsoft.AspNetCore.Mvc.Infrastructure.ControllerActionInvoker.Rethrow(ActionExecutedContextSealed context)
   at Microsoft.AspNetCore.Mvc.Infrastructure.ControllerActionInvoker.Next(State& next, Scope& scope, Object& state, Boolean& isCompleted)
   at Microsoft.AspNetCore.Mvc.Infrastructure.ControllerActionInvoker.<InvokeInnerFilterAsync>g__Awaited|13_0(ControllerActionInvoker invoker, Task lastTask, State next, Scope scope, Object state, Boolean isCompleted)
   at Microsoft.AspNetCore.Mvc.Infrastructure.ResourceInvoker.<InvokeFilterPipelineAsync>g__Awaited|20_0(ResourceInvoker invoker, Task lastTask, State next, Scope scope, Object state, Boolean isCompleted)
   at Microsoft.AspNetCore.Mvc.Infrastructure.ResourceInvoker.<InvokeAsync>g__Logged|17_1(ResourceInvoker invoker)
   at Microsoft.AspNetCore.Mvc.Infrastructure.ResourceInvoker.<InvokeAsync>g__Logged|17_1(ResourceInvoker invoker)
   at ApiFunkosCS.Utils.ExceptionMiddleware.GlobalExceptionMiddleware.InvokeAsync(HttpContext context) in C:\Users\samue\RiderProjects\VivesBank.Net\VivesBankApi\Utils\ExceptionMiddleware\GlobalExceptionMiddleware.cs:line 15
[2025-01-22 20:06:38.117] [ERR] [Microsoft.EntityFrameworkCore.Database.Command] Failed executing DbCommand (45ms) [Parameters=[], CommandType='"Text"', CommandTimeout='30']
SELECT "MigrationId", "ProductVersion"
FROM "__EFMigrationsHistory"
ORDER BY "MigrationId";
[2025-01-22 20:06:43.053] [ERR] [Microsoft.AspNetCore.Diagnostics.DeveloperExceptionPageMiddleware] An unhandled exception has occurred while executing the request.
Swashbuckle.AspNetCore.SwaggerGen.SwaggerGeneratorException: Failed to generate Operation for action - VivesBankApi.Rest.Clients.Controller.ClientController.UpdateClientDniPhotoAsync (VivesBankApi). See inner exception
 ---> Swashbuckle.AspNetCore.SwaggerGen.SwaggerGeneratorException: Error reading parameter(s) for action VivesBankApi.Rest.Clients.Controller.ClientController.UpdateClientDniPhotoAsync (VivesBankApi) as [FromForm] attribute used with IFormFile. Please refer to https://github.com/domaindrivendev/Swashbuckle.AspNetCore#handle-forms-and-file-uploads for more information
   at Swashbuckle.AspNetCore.SwaggerGen.SwaggerGenerator.GenerateParametersAsync(ApiDescription apiDescription, SchemaRepository schemaRespository, Func`3 parameterGenerator)
   at Swashbuckle.AspNetCore.SwaggerGen.SwaggerGenerator.GenerateParametersAsync(ApiDescription apiDescription, SchemaRepository schemaRespository)
   at Swashbuckle.AspNetCore.SwaggerGen.SwaggerGenerator.GenerateOperationAsync(ApiDescription apiDescription, SchemaRepository schemaRepository, Func`3 parametersGenerator, Func`3 bodyGenerator, Func`3 applyFilters)
   --- End of inner exception stack trace ---
   at Swashbuckle.AspNetCore.SwaggerGen.SwaggerGenerator.GenerateOperationAsync(ApiDescription apiDescription, SchemaRepository schemaRepository, Func`3 parametersGenerator, Func`3 bodyGenerator, Func`3 applyFilters)
   at Swashbuckle.AspNetCore.SwaggerGen.SwaggerGenerator.GenerateOperationAsync(ApiDescription apiDescription, SchemaRepository schemaRepository)
   at Swashbuckle.AspNetCore.SwaggerGen.SwaggerGenerator.GenerateOperationsAsync(IEnumerable`1 apiDescriptions, SchemaRepository schemaRepository)
   at Swashbuckle.AspNetCore.SwaggerGen.SwaggerGenerator.GeneratePathsAsync(IEnumerable`1 apiDescriptions, SchemaRepository schemaRepository, Func`3 operationsGenerator)
   at Swashbuckle.AspNetCore.SwaggerGen.SwaggerGenerator.GeneratePathsAsync(IEnumerable`1 apiDescriptions, SchemaRepository schemaRepository)
   at Swashbuckle.AspNetCore.SwaggerGen.SwaggerGenerator.GetSwaggerAsync(String documentName, String host, String basePath)
   at Swashbuckle.AspNetCore.Swagger.SwaggerMiddleware.Invoke(HttpContext httpContext, ISwaggerProvider swaggerProvider)
   at Microsoft.AspNetCore.Diagnostics.DeveloperExceptionPageMiddlewareImpl.Invoke(HttpContext context)
[2025-01-22 20:08:28.030] [ERR] [Microsoft.EntityFrameworkCore.Database.Command] Failed executing DbCommand (75ms) [Parameters=[], CommandType='"Text"', CommandTimeout='30']
SELECT "MigrationId", "ProductVersion"
FROM "__EFMigrationsHistory"
ORDER BY "MigrationId";
[2025-01-22 20:08:59.765] [ERR] [Microsoft.AspNetCore.Diagnostics.DeveloperExceptionPageMiddleware] An unhandled exception has occurred while executing the request.
Swashbuckle.AspNetCore.SwaggerGen.SwaggerGeneratorException: Failed to generate Operation for action - VivesBankApi.Rest.Clients.Controller.ClientController.UpdateClientDniPhotoAsync (VivesBankApi). See inner exception
 ---> Swashbuckle.AspNetCore.SwaggerGen.SwaggerGeneratorException: Error reading parameter(s) for action VivesBankApi.Rest.Clients.Controller.ClientController.UpdateClientDniPhotoAsync (VivesBankApi) as [FromForm] attribute used with IFormFile. Please refer to https://github.com/domaindrivendev/Swashbuckle.AspNetCore#handle-forms-and-file-uploads for more information
   at Swashbuckle.AspNetCore.SwaggerGen.SwaggerGenerator.GenerateParametersAsync(ApiDescription apiDescription, SchemaRepository schemaRespository, Func`3 parameterGenerator)
   at Swashbuckle.AspNetCore.SwaggerGen.SwaggerGenerator.GenerateParametersAsync(ApiDescription apiDescription, SchemaRepository schemaRespository)
   at Swashbuckle.AspNetCore.SwaggerGen.SwaggerGenerator.GenerateOperationAsync(ApiDescription apiDescription, SchemaRepository schemaRepository, Func`3 parametersGenerator, Func`3 bodyGenerator, Func`3 applyFilters)
   --- End of inner exception stack trace ---
   at Swashbuckle.AspNetCore.SwaggerGen.SwaggerGenerator.GenerateOperationAsync(ApiDescription apiDescription, SchemaRepository schemaRepository, Func`3 parametersGenerator, Func`3 bodyGenerator, Func`3 applyFilters)
   at Swashbuckle.AspNetCore.SwaggerGen.SwaggerGenerator.GenerateOperationAsync(ApiDescription apiDescription, SchemaRepository schemaRepository)
   at Swashbuckle.AspNetCore.SwaggerGen.SwaggerGenerator.GenerateOperationsAsync(IEnumerable`1 apiDescriptions, SchemaRepository schemaRepository)
   at Swashbuckle.AspNetCore.SwaggerGen.SwaggerGenerator.GeneratePathsAsync(IEnumerable`1 apiDescriptions, SchemaRepository schemaRepository, Func`3 operationsGenerator)
   at Swashbuckle.AspNetCore.SwaggerGen.SwaggerGenerator.GeneratePathsAsync(IEnumerable`1 apiDescriptions, SchemaRepository schemaRepository)
   at Swashbuckle.AspNetCore.SwaggerGen.SwaggerGenerator.GetSwaggerAsync(String documentName, String host, String basePath)
   at Swashbuckle.AspNetCore.Swagger.SwaggerMiddleware.Invoke(HttpContext httpContext, ISwaggerProvider swaggerProvider)
   at Microsoft.AspNetCore.Diagnostics.DeveloperExceptionPageMiddlewareImpl.Invoke(HttpContext context)
[2025-01-22 20:09:19.443] [ERR] [ApiFunkosCS.Utils.ExceptionMiddleware.GlobalExceptionMiddleware] An unhandled exception occurred.
System.NullReferenceException: Object reference not set to an instance of an object.
   at VivesBankApi.Rest.Clients.Service.ClientService.SaveFileAsync(IFormFile file) in C:\Users\samue\RiderProjects\VivesBank.Net\VivesBankApi\Rest\Clients\Service\ClientService.cs:line 144
   at VivesBankApi.Rest.Clients.Service.ClientService.UpdateClientDniPhotoAsync(String clientId, IFormFile file) in C:\Users\samue\RiderProjects\VivesBank.Net\VivesBankApi\Rest\Clients\Service\ClientService.cs:line 184
   at VivesBankApi.Rest.Clients.Controller.ClientController.UpdateClientDniPhotoAsync(String clientId, IFormFile file) in C:\Users\samue\RiderProjects\VivesBank.Net\VivesBankApi\Rest\Clients\Controller\ClientController.cs:line 114
   at Microsoft.AspNetCore.Mvc.Infrastructure.ActionMethodExecutor.TaskOfIActionResultExecutor.Execute(ActionContext actionContext, IActionResultTypeMapper mapper, ObjectMethodExecutor executor, Object controller, Object[] arguments)
   at Microsoft.AspNetCore.Mvc.Infrastructure.ControllerActionInvoker.<InvokeActionMethodAsync>g__Logged|12_1(ControllerActionInvoker invoker)
   at Microsoft.AspNetCore.Mvc.Infrastructure.ControllerActionInvoker.<InvokeNextActionFilterAsync>g__Awaited|10_0(ControllerActionInvoker invoker, Task lastTask, State next, Scope scope, Object state, Boolean isCompleted)
   at Microsoft.AspNetCore.Mvc.Infrastructure.ControllerActionInvoker.Rethrow(ActionExecutedContextSealed context)
   at Microsoft.AspNetCore.Mvc.Infrastructure.ControllerActionInvoker.Next(State& next, Scope& scope, Object& state, Boolean& isCompleted)
   at Microsoft.AspNetCore.Mvc.Infrastructure.ControllerActionInvoker.<InvokeInnerFilterAsync>g__Awaited|13_0(ControllerActionInvoker invoker, Task lastTask, State next, Scope scope, Object state, Boolean isCompleted)
   at Microsoft.AspNetCore.Mvc.Infrastructure.ResourceInvoker.<InvokeFilterPipelineAsync>g__Awaited|20_0(ResourceInvoker invoker, Task lastTask, State next, Scope scope, Object state, Boolean isCompleted)
   at Microsoft.AspNetCore.Mvc.Infrastructure.ResourceInvoker.<InvokeAsync>g__Logged|17_1(ResourceInvoker invoker)
   at Microsoft.AspNetCore.Mvc.Infrastructure.ResourceInvoker.<InvokeAsync>g__Logged|17_1(ResourceInvoker invoker)
   at ApiFunkosCS.Utils.ExceptionMiddleware.GlobalExceptionMiddleware.InvokeAsync(HttpContext context) in C:\Users\samue\RiderProjects\VivesBank.Net\VivesBankApi\Utils\ExceptionMiddleware\GlobalExceptionMiddleware.cs:line 15
[2025-01-22 20:12:57.578] [ERR] [Microsoft.EntityFrameworkCore.Database.Command] Failed executing DbCommand (49ms) [Parameters=[], CommandType='"Text"', CommandTimeout='30']
SELECT "MigrationId", "ProductVersion"
FROM "__EFMigrationsHistory"
ORDER BY "MigrationId";
[2025-01-22 20:14:10.782] [ERR] [ApiFunkosCS.Utils.ExceptionMiddleware.GlobalExceptionMiddleware] An unhandled exception occurred.
FileStorageExceptions: Tipo de fichero no permitido
   at VivesBankApi.Rest.Clients.Service.ClientService.SaveFileAsync(IFormFile file) in C:\Users\samue\RiderProjects\VivesBank.Net\VivesBankApi\Rest\Clients\Service\ClientService.cs:line 146
   at VivesBankApi.Rest.Clients.Service.ClientService.UpdateClientDniPhotoAsync(String clientId, IFormFile file) in C:\Users\samue\RiderProjects\VivesBank.Net\VivesBankApi\Rest\Clients\Service\ClientService.cs:line 184
   at VivesBankApi.Rest.Clients.Controller.ClientController.UpdateClientDniPhotoAsync(String clientId, IFormFile file) in C:\Users\samue\RiderProjects\VivesBank.Net\VivesBankApi\Rest\Clients\Controller\ClientController.cs:line 114
   at Microsoft.AspNetCore.Mvc.Infrastructure.ActionMethodExecutor.TaskOfIActionResultExecutor.Execute(ActionContext actionContext, IActionResultTypeMapper mapper, ObjectMethodExecutor executor, Object controller, Object[] arguments)
   at Microsoft.AspNetCore.Mvc.Infrastructure.ControllerActionInvoker.<InvokeActionMethodAsync>g__Logged|12_1(ControllerActionInvoker invoker)
   at Microsoft.AspNetCore.Mvc.Infrastructure.ControllerActionInvoker.<InvokeNextActionFilterAsync>g__Awaited|10_0(ControllerActionInvoker invoker, Task lastTask, State next, Scope scope, Object state, Boolean isCompleted)
   at Microsoft.AspNetCore.Mvc.Infrastructure.ControllerActionInvoker.Rethrow(ActionExecutedContextSealed context)
   at Microsoft.AspNetCore.Mvc.Infrastructure.ControllerActionInvoker.Next(State& next, Scope& scope, Object& state, Boolean& isCompleted)
   at Microsoft.AspNetCore.Mvc.Infrastructure.ControllerActionInvoker.<InvokeInnerFilterAsync>g__Awaited|13_0(ControllerActionInvoker invoker, Task lastTask, State next, Scope scope, Object state, Boolean isCompleted)
   at Microsoft.AspNetCore.Mvc.Infrastructure.ResourceInvoker.<InvokeFilterPipelineAsync>g__Awaited|20_0(ResourceInvoker invoker, Task lastTask, State next, Scope scope, Object state, Boolean isCompleted)
   at Microsoft.AspNetCore.Mvc.Infrastructure.ResourceInvoker.<InvokeAsync>g__Logged|17_1(ResourceInvoker invoker)
   at Microsoft.AspNetCore.Mvc.Infrastructure.ResourceInvoker.<InvokeAsync>g__Logged|17_1(ResourceInvoker invoker)
   at ApiFunkosCS.Utils.ExceptionMiddleware.GlobalExceptionMiddleware.InvokeAsync(HttpContext context) in C:\Users\samue\RiderProjects\VivesBank.Net\VivesBankApi\Utils\ExceptionMiddleware\GlobalExceptionMiddleware.cs:line 15
[2025-01-22 20:14:44.389] [ERR] [ApiFunkosCS.Utils.ExceptionMiddleware.GlobalExceptionMiddleware] An unhandled exception occurred.
FileStorageExceptions: Tipo de fichero no permitido
   at VivesBankApi.Rest.Clients.Service.ClientService.SaveFileAsync(IFormFile file) in C:\Users\samue\RiderProjects\VivesBank.Net\VivesBankApi\Rest\Clients\Service\ClientService.cs:line 146
   at VivesBankApi.Rest.Clients.Service.ClientService.UpdateClientDniPhotoAsync(String clientId, IFormFile file) in C:\Users\samue\RiderProjects\VivesBank.Net\VivesBankApi\Rest\Clients\Service\ClientService.cs:line 184
   at VivesBankApi.Rest.Clients.Controller.ClientController.UpdateClientDniPhotoAsync(String clientId, IFormFile file) in C:\Users\samue\RiderProjects\VivesBank.Net\VivesBankApi\Rest\Clients\Controller\ClientController.cs:line 114
   at Microsoft.AspNetCore.Mvc.Infrastructure.ActionMethodExecutor.TaskOfIActionResultExecutor.Execute(ActionContext actionContext, IActionResultTypeMapper mapper, ObjectMethodExecutor executor, Object controller, Object[] arguments)
   at Microsoft.AspNetCore.Mvc.Infrastructure.ControllerActionInvoker.<InvokeActionMethodAsync>g__Logged|12_1(ControllerActionInvoker invoker)
   at Microsoft.AspNetCore.Mvc.Infrastructure.ControllerActionInvoker.<InvokeNextActionFilterAsync>g__Awaited|10_0(ControllerActionInvoker invoker, Task lastTask, State next, Scope scope, Object state, Boolean isCompleted)
   at Microsoft.AspNetCore.Mvc.Infrastructure.ControllerActionInvoker.Rethrow(ActionExecutedContextSealed context)
   at Microsoft.AspNetCore.Mvc.Infrastructure.ControllerActionInvoker.Next(State& next, Scope& scope, Object& state, Boolean& isCompleted)
   at Microsoft.AspNetCore.Mvc.Infrastructure.ControllerActionInvoker.<InvokeInnerFilterAsync>g__Awaited|13_0(ControllerActionInvoker invoker, Task lastTask, State next, Scope scope, Object state, Boolean isCompleted)
   at Microsoft.AspNetCore.Mvc.Infrastructure.ResourceInvoker.<InvokeFilterPipelineAsync>g__Awaited|20_0(ResourceInvoker invoker, Task lastTask, State next, Scope scope, Object state, Boolean isCompleted)
   at Microsoft.AspNetCore.Mvc.Infrastructure.ResourceInvoker.<InvokeAsync>g__Logged|17_1(ResourceInvoker invoker)
   at Microsoft.AspNetCore.Mvc.Infrastructure.ResourceInvoker.<InvokeAsync>g__Logged|17_1(ResourceInvoker invoker)
   at ApiFunkosCS.Utils.ExceptionMiddleware.GlobalExceptionMiddleware.InvokeAsync(HttpContext context) in C:\Users\samue\RiderProjects\VivesBank.Net\VivesBankApi\Utils\ExceptionMiddleware\GlobalExceptionMiddleware.cs:line 15
[2025-01-22 20:21:00.925] [ERR] [Microsoft.EntityFrameworkCore.Database.Command] Failed executing DbCommand (43ms) [Parameters=[], CommandType='"Text"', CommandTimeout='30']
SELECT "MigrationId", "ProductVersion"
FROM "__EFMigrationsHistory"
ORDER BY "MigrationId";
[2025-01-22 20:21:06.439] [ERR] [Microsoft.AspNetCore.Diagnostics.DeveloperExceptionPageMiddleware] An unhandled exception has occurred while executing the request.
Swashbuckle.AspNetCore.SwaggerGen.SwaggerGeneratorException: Failed to generate Operation for action - VivesBankApi.Rest.Clients.Controller.ClientController.UpdateClientDniPhotoAsync (VivesBankApi). See inner exception
 ---> Swashbuckle.AspNetCore.SwaggerGen.SwaggerGeneratorException: Error reading parameter(s) for action VivesBankApi.Rest.Clients.Controller.ClientController.UpdateClientDniPhotoAsync (VivesBankApi) as [FromForm] attribute used with IFormFile. Please refer to https://github.com/domaindrivendev/Swashbuckle.AspNetCore#handle-forms-and-file-uploads for more information
   at Swashbuckle.AspNetCore.SwaggerGen.SwaggerGenerator.GenerateParametersAsync(ApiDescription apiDescription, SchemaRepository schemaRespository, Func`3 parameterGenerator)
   at Swashbuckle.AspNetCore.SwaggerGen.SwaggerGenerator.GenerateParametersAsync(ApiDescription apiDescription, SchemaRepository schemaRespository)
   at Swashbuckle.AspNetCore.SwaggerGen.SwaggerGenerator.GenerateOperationAsync(ApiDescription apiDescription, SchemaRepository schemaRepository, Func`3 parametersGenerator, Func`3 bodyGenerator, Func`3 applyFilters)
   --- End of inner exception stack trace ---
   at Swashbuckle.AspNetCore.SwaggerGen.SwaggerGenerator.GenerateOperationAsync(ApiDescription apiDescription, SchemaRepository schemaRepository, Func`3 parametersGenerator, Func`3 bodyGenerator, Func`3 applyFilters)
   at Swashbuckle.AspNetCore.SwaggerGen.SwaggerGenerator.GenerateOperationAsync(ApiDescription apiDescription, SchemaRepository schemaRepository)
   at Swashbuckle.AspNetCore.SwaggerGen.SwaggerGenerator.GenerateOperationsAsync(IEnumerable`1 apiDescriptions, SchemaRepository schemaRepository)
   at Swashbuckle.AspNetCore.SwaggerGen.SwaggerGenerator.GeneratePathsAsync(IEnumerable`1 apiDescriptions, SchemaRepository schemaRepository, Func`3 operationsGenerator)
   at Swashbuckle.AspNetCore.SwaggerGen.SwaggerGenerator.GeneratePathsAsync(IEnumerable`1 apiDescriptions, SchemaRepository schemaRepository)
   at Swashbuckle.AspNetCore.SwaggerGen.SwaggerGenerator.GetSwaggerAsync(String documentName, String host, String basePath)
   at Swashbuckle.AspNetCore.Swagger.SwaggerMiddleware.Invoke(HttpContext httpContext, ISwaggerProvider swaggerProvider)
   at Microsoft.AspNetCore.Diagnostics.DeveloperExceptionPageMiddlewareImpl.Invoke(HttpContext context)
