[2025-01-27 11:15:57.714] [ERR] [Microsoft.EntityFrameworkCore.Database.Command] Failed executing DbCommand (56ms) [Parameters=[], CommandType='"Text"', CommandTimeout='30']
SELECT "MigrationId", "ProductVersion"
FROM "__EFMigrationsHistory"
ORDER BY "MigrationId";
[2025-01-27 11:17:18.242] [ERR] [VivesBankApi.Rest.Clients.Service.ClientService] Error al guardar el archivo en el servidor FTP.
System.TimeoutException: Timed out trying to read data from the socket stream!
   at FluentFTP.FtpSocketStream.ReadAsync(Byte[] buffer, Int32 offset, Int32 count, CancellationToken token)
   at FluentFTP.FtpSocketStream.ReadLineAsync(Encoding encoding, CancellationToken token)
   at FluentFTP.Client.BaseClient.BaseFtpClient.FluentFTP.IInternalFtpClient.GetReplyInternal(CancellationToken token, String command, Boolean exhaustNoop, Int32 timeOut, Boolean useSema)
   at FluentFTP.AsyncFtpClient.Execute(String command, CancellationToken token)
   at FluentFTP.AsyncFtpClient.Authenticate(String userName, String password, String account, CancellationToken token)
   at FluentFTP.AsyncFtpClient.Authenticate(CancellationToken token)
   at FluentFTP.AsyncFtpClient.Connect(Boolean reConnect, CancellationToken token)
   at FluentFTP.AsyncFtpClient.Connect(CancellationToken token)
   at VivesBankApi.Rest.Clients.Service.ClientService.SaveFileToFtpAsync(IFormFile file, String fileName) in C:\Users\samue\RiderProjects\VivesBank.Net\VivesBankApi\Rest\Clients\Service\ClientService.cs:line 310
[2025-01-27 11:17:18.425] [ERR] [VivesBankApi.Rest.Clients.Service.ClientService] Error al actualizar la foto del cliente
System.TimeoutException: Timed out trying to read data from the socket stream!
   at FluentFTP.FtpSocketStream.ReadAsync(Byte[] buffer, Int32 offset, Int32 count, CancellationToken token)
   at FluentFTP.FtpSocketStream.ReadLineAsync(Encoding encoding, CancellationToken token)
   at FluentFTP.Client.BaseClient.BaseFtpClient.FluentFTP.IInternalFtpClient.GetReplyInternal(CancellationToken token, String command, Boolean exhaustNoop, Int32 timeOut, Boolean useSema)
   at FluentFTP.AsyncFtpClient.Execute(String command, CancellationToken token)
   at FluentFTP.AsyncFtpClient.Authenticate(String userName, String password, String account, CancellationToken token)
   at FluentFTP.AsyncFtpClient.Authenticate(CancellationToken token)
   at FluentFTP.AsyncFtpClient.Connect(Boolean reConnect, CancellationToken token)
   at FluentFTP.AsyncFtpClient.Connect(CancellationToken token)
   at VivesBankApi.Rest.Clients.Service.ClientService.SaveFileToFtpAsync(IFormFile file, String fileName) in C:\Users\samue\RiderProjects\VivesBank.Net\VivesBankApi\Rest\Clients\Service\ClientService.cs:line 310
   at VivesBankApi.Rest.Clients.Service.ClientService.UpdateClientPhotoDniAsync(String clientId, IFormFile file) in C:\Users\samue\RiderProjects\VivesBank.Net\VivesBankApi\Rest\Clients\Service\ClientService.cs:line 456
[2025-01-27 11:17:18.490] [ERR] [ApiFunkosCS.Utils.ExceptionMiddleware.GlobalExceptionMiddleware] An unhandled exception occurred.
System.TimeoutException: Timed out trying to read data from the socket stream!
   at FluentFTP.FtpSocketStream.ReadAsync(Byte[] buffer, Int32 offset, Int32 count, CancellationToken token)
   at FluentFTP.FtpSocketStream.ReadLineAsync(Encoding encoding, CancellationToken token)
   at FluentFTP.Client.BaseClient.BaseFtpClient.FluentFTP.IInternalFtpClient.GetReplyInternal(CancellationToken token, String command, Boolean exhaustNoop, Int32 timeOut, Boolean useSema)
   at FluentFTP.AsyncFtpClient.Execute(String command, CancellationToken token)
   at FluentFTP.AsyncFtpClient.Authenticate(String userName, String password, String account, CancellationToken token)
   at FluentFTP.AsyncFtpClient.Authenticate(CancellationToken token)
   at FluentFTP.AsyncFtpClient.Connect(Boolean reConnect, CancellationToken token)
   at FluentFTP.AsyncFtpClient.Connect(CancellationToken token)
   at VivesBankApi.Rest.Clients.Service.ClientService.SaveFileToFtpAsync(IFormFile file, String fileName) in C:\Users\samue\RiderProjects\VivesBank.Net\VivesBankApi\Rest\Clients\Service\ClientService.cs:line 310
   at VivesBankApi.Rest.Clients.Service.ClientService.UpdateClientPhotoDniAsync(String clientId, IFormFile file) in C:\Users\samue\RiderProjects\VivesBank.Net\VivesBankApi\Rest\Clients\Service\ClientService.cs:line 456
   at VivesBankApi.Rest.Clients.Controller.ClientController.UpdateClientPhotoDniAsync(String clientId, IFormFile file) in C:\Users\samue\RiderProjects\VivesBank.Net\VivesBankApi\Rest\Clients\Controller\ClientController.cs:line 145
   at Microsoft.AspNetCore.Mvc.Infrastructure.ActionMethodExecutor.TaskOfIActionResultExecutor.Execute(ActionContext actionContext, IActionResultTypeMapper mapper, ObjectMethodExecutor executor, Object controller, Object[] arguments)
   at Microsoft.AspNetCore.Mvc.Infrastructure.ControllerActionInvoker.<InvokeActionMethodAsync>g__Logged|12_1(ControllerActionInvoker invoker)
   at Microsoft.AspNetCore.Mvc.Infrastructure.ControllerActionInvoker.<InvokeNextActionFilterAsync>g__Awaited|10_0(ControllerActionInvoker invoker, Task lastTask, State next, Scope scope, Object state, Boolean isCompleted)
   at Microsoft.AspNetCore.Mvc.Infrastructure.ControllerActionInvoker.Rethrow(ActionExecutedContextSealed context)
   at Microsoft.AspNetCore.Mvc.Infrastructure.ControllerActionInvoker.Next(State& next, Scope& scope, Object& state, Boolean& isCompleted)
   at Microsoft.AspNetCore.Mvc.Infrastructure.ControllerActionInvoker.<InvokeInnerFilterAsync>g__Awaited|13_0(ControllerActionInvoker invoker, Task lastTask, State next, Scope scope, Object state, Boolean isCompleted)
   at Microsoft.AspNetCore.Mvc.Infrastructure.ResourceInvoker.<InvokeNextResourceFilter>g__Awaited|25_0(ResourceInvoker invoker, Task lastTask, State next, Scope scope, Object state, Boolean isCompleted)
   at Microsoft.AspNetCore.Mvc.Infrastructure.ResourceInvoker.Rethrow(ResourceExecutedContextSealed context)
   at Microsoft.AspNetCore.Mvc.Infrastructure.ResourceInvoker.Next(State& next, Scope& scope, Object& state, Boolean& isCompleted)
   at Microsoft.AspNetCore.Mvc.Infrastructure.ResourceInvoker.<InvokeFilterPipelineAsync>g__Awaited|20_0(ResourceInvoker invoker, Task lastTask, State next, Scope scope, Object state, Boolean isCompleted)
   at Microsoft.AspNetCore.Mvc.Infrastructure.ResourceInvoker.<InvokeAsync>g__Logged|17_1(ResourceInvoker invoker)
   at Microsoft.AspNetCore.Mvc.Infrastructure.ResourceInvoker.<InvokeAsync>g__Logged|17_1(ResourceInvoker invoker)
   at ApiFunkosCS.Utils.ExceptionMiddleware.GlobalExceptionMiddleware.InvokeAsync(HttpContext context) in C:\Users\samue\RiderProjects\VivesBank.Net\VivesBankApi\Utils\ExceptionMiddleware\GlobalExceptionMiddleware.cs:line 16
[2025-01-27 11:40:45.056] [ERR] [Microsoft.EntityFrameworkCore.Database.Command] Failed executing DbCommand (61ms) [Parameters=[], CommandType='"Text"', CommandTimeout='30']
SELECT "MigrationId", "ProductVersion"
FROM "__EFMigrationsHistory"
ORDER BY "MigrationId";
[2025-01-27 11:42:12.671] [ERR] [Microsoft.EntityFrameworkCore.Database.Command] Failed executing DbCommand (54ms) [Parameters=[], CommandType='"Text"', CommandTimeout='30']
SELECT "MigrationId", "ProductVersion"
FROM "__EFMigrationsHistory"
ORDER BY "MigrationId";
[2025-01-27 11:43:16.714] [ERR] [Microsoft.EntityFrameworkCore.Database.Command] Failed executing DbCommand (64ms) [Parameters=[], CommandType='"Text"', CommandTimeout='30']
SELECT "MigrationId", "ProductVersion"
FROM "__EFMigrationsHistory"
ORDER BY "MigrationId";
[2025-01-27 11:47:20.379] [ERR] [Microsoft.EntityFrameworkCore.Database.Command] Failed executing DbCommand (84ms) [Parameters=[], CommandType='"Text"', CommandTimeout='30']
SELECT "MigrationId", "ProductVersion"
FROM "__EFMigrationsHistory"
ORDER BY "MigrationId";
[2025-01-27 11:53:12.237] [ERR] [Microsoft.EntityFrameworkCore.Database.Command] Failed executing DbCommand (55ms) [Parameters=[], CommandType='"Text"', CommandTimeout='30']
SELECT "MigrationId", "ProductVersion"
FROM "__EFMigrationsHistory"
ORDER BY "MigrationId";
[2025-01-27 11:56:14.763] [ERR] [Microsoft.EntityFrameworkCore.Database.Command] Failed executing DbCommand (88ms) [Parameters=[], CommandType='"Text"', CommandTimeout='30']
SELECT "MigrationId", "ProductVersion"
FROM "__EFMigrationsHistory"
ORDER BY "MigrationId";
[2025-01-27 11:57:58.670] [ERR] [VivesBankApi.Rest.Clients.Service.ClientService] Error al guardar el archivo en el servidor FTP.
System.TimeoutException: Timed out trying to read data from the socket stream!
   at FluentFTP.FtpSocketStream.ReadAsync(Byte[] buffer, Int32 offset, Int32 count, CancellationToken token)
   at FluentFTP.FtpSocketStream.ReadLineAsync(Encoding encoding, CancellationToken token)
   at FluentFTP.Client.BaseClient.BaseFtpClient.FluentFTP.IInternalFtpClient.GetReplyInternal(CancellationToken token, String command, Boolean exhaustNoop, Int32 timeOut, Boolean useSema)
   at FluentFTP.AsyncFtpClient.Execute(String command, CancellationToken token)
   at FluentFTP.AsyncFtpClient.Authenticate(String userName, String password, String account, CancellationToken token)
   at FluentFTP.AsyncFtpClient.Authenticate(CancellationToken token)
   at FluentFTP.AsyncFtpClient.Connect(Boolean reConnect, CancellationToken token)
   at FluentFTP.AsyncFtpClient.Connect(CancellationToken token)
   at VivesBankApi.Rest.Clients.Service.ClientService.SaveFileToFtpAsync(IFormFile file, String fileName) in C:\Users\samue\RiderProjects\VivesBank.Net\VivesBankApi\Rest\Clients\Service\ClientService.cs:line 310
[2025-01-27 11:57:58.752] [ERR] [VivesBankApi.Rest.Clients.Service.ClientService] Error al actualizar la foto del cliente
System.TimeoutException: Timed out trying to read data from the socket stream!
   at FluentFTP.FtpSocketStream.ReadAsync(Byte[] buffer, Int32 offset, Int32 count, CancellationToken token)
   at FluentFTP.FtpSocketStream.ReadLineAsync(Encoding encoding, CancellationToken token)
   at FluentFTP.Client.BaseClient.BaseFtpClient.FluentFTP.IInternalFtpClient.GetReplyInternal(CancellationToken token, String command, Boolean exhaustNoop, Int32 timeOut, Boolean useSema)
   at FluentFTP.AsyncFtpClient.Execute(String command, CancellationToken token)
   at FluentFTP.AsyncFtpClient.Authenticate(String userName, String password, String account, CancellationToken token)
   at FluentFTP.AsyncFtpClient.Authenticate(CancellationToken token)
   at FluentFTP.AsyncFtpClient.Connect(Boolean reConnect, CancellationToken token)
   at FluentFTP.AsyncFtpClient.Connect(CancellationToken token)
   at VivesBankApi.Rest.Clients.Service.ClientService.SaveFileToFtpAsync(IFormFile file, String fileName) in C:\Users\samue\RiderProjects\VivesBank.Net\VivesBankApi\Rest\Clients\Service\ClientService.cs:line 310
   at VivesBankApi.Rest.Clients.Service.ClientService.UpdateClientPhotoDniAsync(String clientId, IFormFile file) in C:\Users\samue\RiderProjects\VivesBank.Net\VivesBankApi\Rest\Clients\Service\ClientService.cs:line 456
[2025-01-27 11:57:58.808] [ERR] [ApiFunkosCS.Utils.ExceptionMiddleware.GlobalExceptionMiddleware] An unhandled exception occurred.
System.TimeoutException: Timed out trying to read data from the socket stream!
   at FluentFTP.FtpSocketStream.ReadAsync(Byte[] buffer, Int32 offset, Int32 count, CancellationToken token)
   at FluentFTP.FtpSocketStream.ReadLineAsync(Encoding encoding, CancellationToken token)
   at FluentFTP.Client.BaseClient.BaseFtpClient.FluentFTP.IInternalFtpClient.GetReplyInternal(CancellationToken token, String command, Boolean exhaustNoop, Int32 timeOut, Boolean useSema)
   at FluentFTP.AsyncFtpClient.Execute(String command, CancellationToken token)
   at FluentFTP.AsyncFtpClient.Authenticate(String userName, String password, String account, CancellationToken token)
   at FluentFTP.AsyncFtpClient.Authenticate(CancellationToken token)
   at FluentFTP.AsyncFtpClient.Connect(Boolean reConnect, CancellationToken token)
   at FluentFTP.AsyncFtpClient.Connect(CancellationToken token)
   at VivesBankApi.Rest.Clients.Service.ClientService.SaveFileToFtpAsync(IFormFile file, String fileName) in C:\Users\samue\RiderProjects\VivesBank.Net\VivesBankApi\Rest\Clients\Service\ClientService.cs:line 310
   at VivesBankApi.Rest.Clients.Service.ClientService.UpdateClientPhotoDniAsync(String clientId, IFormFile file) in C:\Users\samue\RiderProjects\VivesBank.Net\VivesBankApi\Rest\Clients\Service\ClientService.cs:line 456
   at VivesBankApi.Rest.Clients.Controller.ClientController.UpdateClientPhotoDniAsync(String clientId, IFormFile file) in C:\Users\samue\RiderProjects\VivesBank.Net\VivesBankApi\Rest\Clients\Controller\ClientController.cs:line 145
   at Microsoft.AspNetCore.Mvc.Infrastructure.ActionMethodExecutor.TaskOfIActionResultExecutor.Execute(ActionContext actionContext, IActionResultTypeMapper mapper, ObjectMethodExecutor executor, Object controller, Object[] arguments)
   at Microsoft.AspNetCore.Mvc.Infrastructure.ControllerActionInvoker.<InvokeActionMethodAsync>g__Logged|12_1(ControllerActionInvoker invoker)
   at Microsoft.AspNetCore.Mvc.Infrastructure.ControllerActionInvoker.<InvokeNextActionFilterAsync>g__Awaited|10_0(ControllerActionInvoker invoker, Task lastTask, State next, Scope scope, Object state, Boolean isCompleted)
   at Microsoft.AspNetCore.Mvc.Infrastructure.ControllerActionInvoker.Rethrow(ActionExecutedContextSealed context)
   at Microsoft.AspNetCore.Mvc.Infrastructure.ControllerActionInvoker.Next(State& next, Scope& scope, Object& state, Boolean& isCompleted)
   at Microsoft.AspNetCore.Mvc.Infrastructure.ControllerActionInvoker.<InvokeInnerFilterAsync>g__Awaited|13_0(ControllerActionInvoker invoker, Task lastTask, State next, Scope scope, Object state, Boolean isCompleted)
   at Microsoft.AspNetCore.Mvc.Infrastructure.ResourceInvoker.<InvokeNextResourceFilter>g__Awaited|25_0(ResourceInvoker invoker, Task lastTask, State next, Scope scope, Object state, Boolean isCompleted)
   at Microsoft.AspNetCore.Mvc.Infrastructure.ResourceInvoker.Rethrow(ResourceExecutedContextSealed context)
   at Microsoft.AspNetCore.Mvc.Infrastructure.ResourceInvoker.Next(State& next, Scope& scope, Object& state, Boolean& isCompleted)
   at Microsoft.AspNetCore.Mvc.Infrastructure.ResourceInvoker.<InvokeFilterPipelineAsync>g__Awaited|20_0(ResourceInvoker invoker, Task lastTask, State next, Scope scope, Object state, Boolean isCompleted)
   at Microsoft.AspNetCore.Mvc.Infrastructure.ResourceInvoker.<InvokeAsync>g__Logged|17_1(ResourceInvoker invoker)
   at Microsoft.AspNetCore.Mvc.Infrastructure.ResourceInvoker.<InvokeAsync>g__Logged|17_1(ResourceInvoker invoker)
   at ApiFunkosCS.Utils.ExceptionMiddleware.GlobalExceptionMiddleware.InvokeAsync(HttpContext context) in C:\Users\samue\RiderProjects\VivesBank.Net\VivesBankApi\Utils\ExceptionMiddleware\GlobalExceptionMiddleware.cs:line 16
[2025-01-27 12:05:02.541] [ERR] [Microsoft.EntityFrameworkCore.Database.Command] Failed executing DbCommand (85ms) [Parameters=[], CommandType='"Text"', CommandTimeout='30']
SELECT "MigrationId", "ProductVersion"
FROM "__EFMigrationsHistory"
ORDER BY "MigrationId";
[2025-01-27 12:06:42.358] [ERR] [VivesBankApi.Rest.Clients.Service.ClientService] Error al guardar el archivo en el servidor FTP.
System.TimeoutException: Timed out trying to read data from the socket stream!
   at FluentFTP.FtpSocketStream.ReadAsync(Byte[] buffer, Int32 offset, Int32 count, CancellationToken token)
   at FluentFTP.FtpSocketStream.ReadLineAsync(Encoding encoding, CancellationToken token)
   at FluentFTP.Client.BaseClient.BaseFtpClient.FluentFTP.IInternalFtpClient.GetReplyInternal(CancellationToken token, String command, Boolean exhaustNoop, Int32 timeOut, Boolean useSema)
   at FluentFTP.AsyncFtpClient.Execute(String command, CancellationToken token)
   at FluentFTP.AsyncFtpClient.Authenticate(String userName, String password, String account, CancellationToken token)
   at FluentFTP.AsyncFtpClient.Authenticate(CancellationToken token)
   at FluentFTP.AsyncFtpClient.Connect(Boolean reConnect, CancellationToken token)
   at FluentFTP.AsyncFtpClient.Connect(CancellationToken token)
   at VivesBankApi.Rest.Clients.Service.ClientService.SaveFileToFtpAsync(IFormFile file, String fileName) in C:\Users\samue\RiderProjects\VivesBank.Net\VivesBankApi\Rest\Clients\Service\ClientService.cs:line 319
[2025-01-27 12:06:42.468] [ERR] [VivesBankApi.Rest.Clients.Service.ClientService] Error al actualizar la foto del cliente
System.TimeoutException: Timed out trying to read data from the socket stream!
   at FluentFTP.FtpSocketStream.ReadAsync(Byte[] buffer, Int32 offset, Int32 count, CancellationToken token)
   at FluentFTP.FtpSocketStream.ReadLineAsync(Encoding encoding, CancellationToken token)
   at FluentFTP.Client.BaseClient.BaseFtpClient.FluentFTP.IInternalFtpClient.GetReplyInternal(CancellationToken token, String command, Boolean exhaustNoop, Int32 timeOut, Boolean useSema)
   at FluentFTP.AsyncFtpClient.Execute(String command, CancellationToken token)
   at FluentFTP.AsyncFtpClient.Authenticate(String userName, String password, String account, CancellationToken token)
   at FluentFTP.AsyncFtpClient.Authenticate(CancellationToken token)
   at FluentFTP.AsyncFtpClient.Connect(Boolean reConnect, CancellationToken token)
   at FluentFTP.AsyncFtpClient.Connect(CancellationToken token)
   at VivesBankApi.Rest.Clients.Service.ClientService.SaveFileToFtpAsync(IFormFile file, String fileName) in C:\Users\samue\RiderProjects\VivesBank.Net\VivesBankApi\Rest\Clients\Service\ClientService.cs:line 319
   at VivesBankApi.Rest.Clients.Service.ClientService.UpdateClientPhotoDniAsync(String clientId, IFormFile file) in C:\Users\samue\RiderProjects\VivesBank.Net\VivesBankApi\Rest\Clients\Service\ClientService.cs:line 465
[2025-01-27 12:06:42.560] [ERR] [ApiFunkosCS.Utils.ExceptionMiddleware.GlobalExceptionMiddleware] An unhandled exception occurred.
System.TimeoutException: Timed out trying to read data from the socket stream!
   at FluentFTP.FtpSocketStream.ReadAsync(Byte[] buffer, Int32 offset, Int32 count, CancellationToken token)
   at FluentFTP.FtpSocketStream.ReadLineAsync(Encoding encoding, CancellationToken token)
   at FluentFTP.Client.BaseClient.BaseFtpClient.FluentFTP.IInternalFtpClient.GetReplyInternal(CancellationToken token, String command, Boolean exhaustNoop, Int32 timeOut, Boolean useSema)
   at FluentFTP.AsyncFtpClient.Execute(String command, CancellationToken token)
   at FluentFTP.AsyncFtpClient.Authenticate(String userName, String password, String account, CancellationToken token)
   at FluentFTP.AsyncFtpClient.Authenticate(CancellationToken token)
   at FluentFTP.AsyncFtpClient.Connect(Boolean reConnect, CancellationToken token)
   at FluentFTP.AsyncFtpClient.Connect(CancellationToken token)
   at VivesBankApi.Rest.Clients.Service.ClientService.SaveFileToFtpAsync(IFormFile file, String fileName) in C:\Users\samue\RiderProjects\VivesBank.Net\VivesBankApi\Rest\Clients\Service\ClientService.cs:line 319
   at VivesBankApi.Rest.Clients.Service.ClientService.UpdateClientPhotoDniAsync(String clientId, IFormFile file) in C:\Users\samue\RiderProjects\VivesBank.Net\VivesBankApi\Rest\Clients\Service\ClientService.cs:line 465
   at VivesBankApi.Rest.Clients.Controller.ClientController.UpdateClientPhotoDniAsync(String clientId, IFormFile file) in C:\Users\samue\RiderProjects\VivesBank.Net\VivesBankApi\Rest\Clients\Controller\ClientController.cs:line 145
   at Microsoft.AspNetCore.Mvc.Infrastructure.ActionMethodExecutor.TaskOfIActionResultExecutor.Execute(ActionContext actionContext, IActionResultTypeMapper mapper, ObjectMethodExecutor executor, Object controller, Object[] arguments)
   at Microsoft.AspNetCore.Mvc.Infrastructure.ControllerActionInvoker.<InvokeActionMethodAsync>g__Logged|12_1(ControllerActionInvoker invoker)
   at Microsoft.AspNetCore.Mvc.Infrastructure.ControllerActionInvoker.<InvokeNextActionFilterAsync>g__Awaited|10_0(ControllerActionInvoker invoker, Task lastTask, State next, Scope scope, Object state, Boolean isCompleted)
   at Microsoft.AspNetCore.Mvc.Infrastructure.ControllerActionInvoker.Rethrow(ActionExecutedContextSealed context)
   at Microsoft.AspNetCore.Mvc.Infrastructure.ControllerActionInvoker.Next(State& next, Scope& scope, Object& state, Boolean& isCompleted)
   at Microsoft.AspNetCore.Mvc.Infrastructure.ControllerActionInvoker.<InvokeInnerFilterAsync>g__Awaited|13_0(ControllerActionInvoker invoker, Task lastTask, State next, Scope scope, Object state, Boolean isCompleted)
   at Microsoft.AspNetCore.Mvc.Infrastructure.ResourceInvoker.<InvokeNextResourceFilter>g__Awaited|25_0(ResourceInvoker invoker, Task lastTask, State next, Scope scope, Object state, Boolean isCompleted)
   at Microsoft.AspNetCore.Mvc.Infrastructure.ResourceInvoker.Rethrow(ResourceExecutedContextSealed context)
   at Microsoft.AspNetCore.Mvc.Infrastructure.ResourceInvoker.Next(State& next, Scope& scope, Object& state, Boolean& isCompleted)
   at Microsoft.AspNetCore.Mvc.Infrastructure.ResourceInvoker.<InvokeFilterPipelineAsync>g__Awaited|20_0(ResourceInvoker invoker, Task lastTask, State next, Scope scope, Object state, Boolean isCompleted)
   at Microsoft.AspNetCore.Mvc.Infrastructure.ResourceInvoker.<InvokeAsync>g__Logged|17_1(ResourceInvoker invoker)
   at Microsoft.AspNetCore.Mvc.Infrastructure.ResourceInvoker.<InvokeAsync>g__Logged|17_1(ResourceInvoker invoker)
   at ApiFunkosCS.Utils.ExceptionMiddleware.GlobalExceptionMiddleware.InvokeAsync(HttpContext context) in C:\Users\samue\RiderProjects\VivesBank.Net\VivesBankApi\Utils\ExceptionMiddleware\GlobalExceptionMiddleware.cs:line 16
[2025-01-27 12:10:43.555] [ERR] [Microsoft.EntityFrameworkCore.Database.Command] Failed executing DbCommand (57ms) [Parameters=[], CommandType='"Text"', CommandTimeout='30']
SELECT "MigrationId", "ProductVersion"
FROM "__EFMigrationsHistory"
ORDER BY "MigrationId";
[2025-01-27 12:29:57.761] [ERR] [Microsoft.EntityFrameworkCore.Database.Command] Failed executing DbCommand (83ms) [Parameters=[], CommandType='"Text"', CommandTimeout='30']
SELECT "MigrationId", "ProductVersion"
FROM "__EFMigrationsHistory"
ORDER BY "MigrationId";
[2025-01-27 19:54:22.999] [ERR] [Microsoft.EntityFrameworkCore.Database.Command] Failed executing DbCommand (64ms) [Parameters=[], CommandType='"Text"', CommandTimeout='30']
SELECT "MigrationId", "ProductVersion"
FROM "__EFMigrationsHistory"
ORDER BY "MigrationId";
[2025-01-27 20:28:44.497] [ERR] [Microsoft.EntityFrameworkCore.Database.Command] Failed executing DbCommand (109ms) [Parameters=[], CommandType='"Text"', CommandTimeout='30']
SELECT "MigrationId", "ProductVersion"
FROM "__EFMigrationsHistory"
ORDER BY "MigrationId";
[2025-01-27 20:36:03.072] [ERR] [Microsoft.EntityFrameworkCore.Database.Command] Failed executing DbCommand (62ms) [Parameters=[], CommandType='"Text"', CommandTimeout='30']
SELECT "MigrationId", "ProductVersion"
FROM "__EFMigrationsHistory"
ORDER BY "MigrationId";
[2025-01-27 20:43:06.304] [ERR] [Microsoft.EntityFrameworkCore.Database.Command] Failed executing DbCommand (88ms) [Parameters=[], CommandType='"Text"', CommandTimeout='30']
SELECT "MigrationId", "ProductVersion"
FROM "__EFMigrationsHistory"
ORDER BY "MigrationId";
[2025-01-27 20:55:49.585] [ERR] [Microsoft.EntityFrameworkCore.Database.Command] Failed executing DbCommand (56ms) [Parameters=[], CommandType='"Text"', CommandTimeout='30']
SELECT "MigrationId", "ProductVersion"
FROM "__EFMigrationsHistory"
ORDER BY "MigrationId";
